#
# There is insufficient memory for the Java Runtime Environment to continue.
# Native memory allocation (malloc) failed to allocate 32744 bytes. Error detail: ChunkPool::allocate
# Possible reasons:
#   The system is out of physical RAM or swap space
#   This process is running with CompressedOops enabled, and the Java Heap may be blocking the growth of the native heap
# Possible solutions:
#   Reduce memory load on the system
#   Increase physical memory or swap space
#   Check if swap backing store is full
#   Decrease Java heap size (-Xmx/-Xms)
#   Decrease number of Java threads
#   Decrease Java thread stack sizes (-Xss)
#   Set larger code cache with -XX:ReservedCodeCacheSize=
#   JVM is running with Unscaled Compressed Oops mode in which the Java heap is
#     placed in the first 4GB address space. The Java Heap base address is the
#     maximum limit for the native heap growth. Please use -XX:HeapBaseMinAddress
#     to set the Java Heap base and to place the Java Heap above 4GB virtual address.
# This output file may be truncated or incomplete.
#
#  Out of Memory Error (arena.cpp:79), pid=9312, tid=248
#
# JRE version: OpenJDK Runtime Environment Temurin-17.0.16+8 (17.0.16+8) (build 17.0.16+8)
# Java VM: OpenJDK 64-Bit Server VM Temurin-17.0.16+8 (17.0.16+8, mixed mode, sharing, tiered, compressed oops, compressed class ptrs, g1 gc, windows-amd64)
# No core dump will be written. Minidumps are not enabled by default on client versions of Windows
#

---------------  S U M M A R Y ------------

Command Line: -Xmx64m -Xms64m -Dorg.gradle.appname=gradlew C:\proj-short\android\\gradle\wrapper\gradle-wrapper.jar app:installDebug -PreactNativeDevServerPort=8081

Host: AMD Ryzen 5 4600H with Radeon Graphics         , 12 cores, 7G,  Windows 11 , 64 bit Build 26100 (10.0.26100.6725)
Time: Wed Oct 22 22:23:54 2025 India Standard Time elapsed time: 65.533715 seconds (0d 0h 1m 5s)

---------------  T H R E A D  ---------------

Current thread (0x000002487531c8d0):  JavaThread "C2 CompilerThread0" daemon [_thread_in_native, id=248, stack(0x00000067f9200000,0x00000067f9300000)]


Current CompileTask:
C2:  65534 1882       4       com.google.common.base.Preconditions::checkNotNull (14 bytes)

Stack: [0x00000067f9200000,0x00000067f9300000]
Native frames: (J=compiled Java code, j=interpreted, Vv=VM code, C=native code)
V  [jvm.dll+0x683169]
V  [jvm.dll+0x839ac8]
V  [jvm.dll+0x83b573]
V  [jvm.dll+0x83bbe3]
V  [jvm.dll+0x2473ff]
V  [jvm.dll+0xad09c]
V  [jvm.dll+0xad52c]
V  [jvm.dll+0x11de85]
V  [jvm.dll+0x6acbfe]
V  [jvm.dll+0x1bac86]
V  [jvm.dll+0x218477]
V  [jvm.dll+0x21775f]
V  [jvm.dll+0x1a32a0]
V  [jvm.dll+0x227b3c]
V  [jvm.dll+0x225ccb]
V  [jvm.dll+0x7ef2d8]
V  [jvm.dll+0x7e979c]
V  [jvm.dll+0x682047]
C  [ucrtbase.dll+0x37b0]
C  [KERNEL32.DLL+0x2e8d7]
C  [ntdll.dll+0x8c53c]


---------------  P R O C E S S  ---------------

Threads class SMR info:
_java_thread_list=0x000002487ade8390, length=13, elements={
0x000002485b458470, 0x00000248752eaeb0, 0x00000248752ecd80, 0x0000024875304610,
0x00000248753093f0, 0x0000024875314580, 0x00000248753156e0, 0x000002487531c8d0,
0x000002487531d380, 0x00000248753234c0, 0x000002487555cd70, 0x0000024875564910,
0x000002487ac54b30
}

Java Threads: ( => current thread )
  0x000002485b458470 JavaThread "main" [_thread_in_native, id=26968, stack(0x00000067f8500000,0x00000067f8600000)]
  0x00000248752eaeb0 JavaThread "Reference Handler" daemon [_thread_blocked, id=1976, stack(0x00000067f8c00000,0x00000067f8d00000)]
  0x00000248752ecd80 JavaThread "Finalizer" daemon [_thread_blocked, id=22328, stack(0x00000067f8d00000,0x00000067f8e00000)]
  0x0000024875304610 JavaThread "Signal Dispatcher" daemon [_thread_blocked, id=5240, stack(0x00000067f8e00000,0x00000067f8f00000)]
  0x00000248753093f0 JavaThread "Attach Listener" daemon [_thread_blocked, id=19476, stack(0x00000067f8f00000,0x00000067f9000000)]
  0x0000024875314580 JavaThread "Service Thread" daemon [_thread_blocked, id=23996, stack(0x00000067f9000000,0x00000067f9100000)]
  0x00000248753156e0 JavaThread "Monitor Deflation Thread" daemon [_thread_blocked, id=7740, stack(0x00000067f9100000,0x00000067f9200000)]
=>0x000002487531c8d0 JavaThread "C2 CompilerThread0" daemon [_thread_in_native, id=248, stack(0x00000067f9200000,0x00000067f9300000)]
  0x000002487531d380 JavaThread "C1 CompilerThread0" daemon [_thread_blocked, id=21624, stack(0x00000067f9300000,0x00000067f9400000)]
  0x00000248753234c0 JavaThread "Sweeper thread" daemon [_thread_blocked, id=21424, stack(0x00000067f9400000,0x00000067f9500000)]
  0x000002487555cd70 JavaThread "Notification Thread" daemon [_thread_blocked, id=25040, stack(0x00000067f9500000,0x00000067f9600000)]
  0x0000024875564910 JavaThread "Common-Cleaner" daemon [_thread_blocked, id=14100, stack(0x00000067f9700000,0x00000067f9800000)]
  0x000002487ac54b30 JavaThread "pool-1-thread-1" [_thread_blocked, id=23700, stack(0x00000067f9b00000,0x00000067f9c00000)]

Other Threads:
  0x00000248752e6670 VMThread "VM Thread" [stack: 0x00000067f8b00000,0x00000067f8c00000] [id=7916]
  0x0000024875563480 WatcherThread [stack: 0x00000067f9600000,0x00000067f9700000] [id=14460]
  0x000002485b47bb60 GCTaskThread "GC Thread#0" [stack: 0x00000067f8600000,0x00000067f8700000] [id=1628]
  0x000002487585e070 GCTaskThread "GC Thread#1" [stack: 0x00000067f9800000,0x00000067f9900000] [id=24872]
  0x00000248758990f0 GCTaskThread "GC Thread#2" [stack: 0x00000067f9900000,0x00000067f9a00000] [id=5960]
  0x00000248756b16d0 GCTaskThread "GC Thread#3" [stack: 0x00000067f9a00000,0x00000067f9b00000] [id=24200]
  0x000002487adce0e0 GCTaskThread "GC Thread#4" [stack: 0x00000067f9c00000,0x00000067f9d00000] [id=23232]
  0x000002487ad17060 GCTaskThread "GC Thread#5" [stack: 0x00000067f9d00000,0x00000067f9e00000] [id=8252]
  0x000002487ae7c2e0 GCTaskThread "GC Thread#6" [stack: 0x00000067f9e00000,0x00000067f9f00000] [id=27320]
  0x000002485b47e720 ConcurrentGCThread "G1 Main Marker" [stack: 0x00000067f8700000,0x00000067f8800000] [id=24572]
  0x000002485b47f140 ConcurrentGCThread "G1 Conc#0" [stack: 0x00000067f8800000,0x00000067f8900000] [id=7432]
  0x000002485b509a70 ConcurrentGCThread "G1 Refine#0" [stack: 0x00000067f8900000,0x00000067f8a00000] [id=21616]
  0x000002485b50a4a0 ConcurrentGCThread "G1 Service" [stack: 0x00000067f8a00000,0x00000067f8b00000] [id=3704]

Threads with active compile tasks:
C2 CompilerThread0    66628 1882       4       com.google.common.base.Preconditions::checkNotNull (14 bytes)

VM state: not at safepoint (normal execution)

VM Mutex/Monitor currently owned by a thread: None

Heap address: 0x00000000fc000000, size: 64 MB, Compressed Oops mode: 32-bit

CDS archive(s) mapped at: [0x0000024800000000-0x0000024800bb0000-0x0000024800bb0000), size 12255232, SharedBaseAddress: 0x0000024800000000, ArchiveRelocationMode: 1.
Compressed class space mapped at: 0x0000024801000000-0x0000024841000000, reserved size: 1073741824
Narrow klass base: 0x0000024800000000, Narrow klass shift: 0, Narrow klass range: 0x100000000

GC Precious Log:
 CPUs: 12 total, 12 available
 Memory: 7599M
 Large Page Support: Disabled
 NUMA Support: Disabled
 Compressed Oops: Enabled (32-bit)
 Heap Region Size: 1M
 Heap Min Capacity: 64M
 Heap Initial Capacity: 64M
 Heap Max Capacity: 64M
 Pre-touch: Disabled
 Parallel Workers: 10
 Concurrent Workers: 3
 Concurrent Refinement Workers: 10
 Periodic GC: Disabled

Heap:
 garbage-first heap   total 65536K, used 17185K [0x00000000fc000000, 0x0000000100000000)
  region size 1024K, 11 young (11264K), 4 survivors (4096K)
 Metaspace       used 9574K, committed 9792K, reserved 1114112K
  class space    used 1260K, committed 1344K, reserved 1048576K

Heap Regions: E=young(eden), S=young(survivor), O=old, HS=humongous(starts), HC=humongous(continues), CS=collection set, F=free, OA=open archive, CA=closed archive, TAMS=top-at-mark-start (previous, next)
|   0|0x00000000fc000000, 0x00000000fc100000, 0x00000000fc100000|100%|HS|  |TAMS 0x00000000fc000000, 0x00000000fc000000| Complete 
|   1|0x00000000fc100000, 0x00000000fc200000, 0x00000000fc200000|100%|HC|  |TAMS 0x00000000fc100000, 0x00000000fc100000| Complete 
|   2|0x00000000fc200000, 0x00000000fc300000, 0x00000000fc300000|100%|HC|  |TAMS 0x00000000fc200000, 0x00000000fc200000| Complete 
|   3|0x00000000fc300000, 0x00000000fc400000, 0x00000000fc400000|100%| O|  |TAMS 0x00000000fc300000, 0x00000000fc300000| Untracked 
|   4|0x00000000fc400000, 0x00000000fc500000, 0x00000000fc500000|100%| O|  |TAMS 0x00000000fc400000, 0x00000000fc400000| Untracked 
|   5|0x00000000fc500000, 0x00000000fc600000, 0x00000000fc600000|100%| O|  |TAMS 0x00000000fc500000, 0x00000000fc500000| Untracked 
|   6|0x00000000fc600000, 0x00000000fc6c8400, 0x00000000fc700000| 78%| O|  |TAMS 0x00000000fc600000, 0x00000000fc600000| Untracked 
|   7|0x00000000fc700000, 0x00000000fc700000, 0x00000000fc800000|  0%| F|  |TAMS 0x00000000fc700000, 0x00000000fc700000| Untracked 
|   8|0x00000000fc800000, 0x00000000fc800000, 0x00000000fc900000|  0%| F|  |TAMS 0x00000000fc800000, 0x00000000fc800000| Untracked 
|   9|0x00000000fc900000, 0x00000000fc900000, 0x00000000fca00000|  0%| F|  |TAMS 0x00000000fc900000, 0x00000000fc900000| Untracked 
|  10|0x00000000fca00000, 0x00000000fca00000, 0x00000000fcb00000|  0%| F|  |TAMS 0x00000000fca00000, 0x00000000fca00000| Untracked 
|  11|0x00000000fcb00000, 0x00000000fcb00000, 0x00000000fcc00000|  0%| F|  |TAMS 0x00000000fcb00000, 0x00000000fcb00000| Untracked 
|  12|0x00000000fcc00000, 0x00000000fcc00000, 0x00000000fcd00000|  0%| F|  |TAMS 0x00000000fcc00000, 0x00000000fcc00000| Untracked 
|  13|0x00000000fcd00000, 0x00000000fcd00000, 0x00000000fce00000|  0%| F|  |TAMS 0x00000000fcd00000, 0x00000000fcd00000| Untracked 
|  14|0x00000000fce00000, 0x00000000fce00000, 0x00000000fcf00000|  0%| F|  |TAMS 0x00000000fce00000, 0x00000000fce00000| Untracked 
|  15|0x00000000fcf00000, 0x00000000fcf00000, 0x00000000fd000000|  0%| F|  |TAMS 0x00000000fcf00000, 0x00000000fcf00000| Untracked 
|  16|0x00000000fd000000, 0x00000000fd000000, 0x00000000fd100000|  0%| F|  |TAMS 0x00000000fd000000, 0x00000000fd000000| Untracked 
|  17|0x00000000fd100000, 0x00000000fd100000, 0x00000000fd200000|  0%| F|  |TAMS 0x00000000fd100000, 0x00000000fd100000| Untracked 
|  18|0x00000000fd200000, 0x00000000fd200000, 0x00000000fd300000|  0%| F|  |TAMS 0x00000000fd200000, 0x00000000fd200000| Untracked 
|  19|0x00000000fd300000, 0x00000000fd300000, 0x00000000fd400000|  0%| F|  |TAMS 0x00000000fd300000, 0x00000000fd300000| Untracked 
|  20|0x00000000fd400000, 0x00000000fd400000, 0x00000000fd500000|  0%| F|  |TAMS 0x00000000fd400000, 0x00000000fd400000| Untracked 
|  21|0x00000000fd500000, 0x00000000fd500000, 0x00000000fd600000|  0%| F|  |TAMS 0x00000000fd500000, 0x00000000fd500000| Untracked 
|  22|0x00000000fd600000, 0x00000000fd600000, 0x00000000fd700000|  0%| F|  |TAMS 0x00000000fd600000, 0x00000000fd600000| Untracked 
|  23|0x00000000fd700000, 0x00000000fd700000, 0x00000000fd800000|  0%| F|  |TAMS 0x00000000fd700000, 0x00000000fd700000| Untracked 
|  24|0x00000000fd800000, 0x00000000fd800000, 0x00000000fd900000|  0%| F|  |TAMS 0x00000000fd800000, 0x00000000fd800000| Untracked 
|  25|0x00000000fd900000, 0x00000000fd900000, 0x00000000fda00000|  0%| F|  |TAMS 0x00000000fd900000, 0x00000000fd900000| Untracked 
|  26|0x00000000fda00000, 0x00000000fda00000, 0x00000000fdb00000|  0%| F|  |TAMS 0x00000000fda00000, 0x00000000fda00000| Untracked 
|  27|0x00000000fdb00000, 0x00000000fdb00000, 0x00000000fdc00000|  0%| F|  |TAMS 0x00000000fdb00000, 0x00000000fdb00000| Untracked 
|  28|0x00000000fdc00000, 0x00000000fdd00000, 0x00000000fdd00000|100%| S|CS|TAMS 0x00000000fdc00000, 0x00000000fdc00000| Complete 
|  29|0x00000000fdd00000, 0x00000000fde00000, 0x00000000fde00000|100%| S|CS|TAMS 0x00000000fdd00000, 0x00000000fdd00000| Complete 
|  30|0x00000000fde00000, 0x00000000fdf00000, 0x00000000fdf00000|100%| S|CS|TAMS 0x00000000fde00000, 0x00000000fde00000| Complete 
|  31|0x00000000fdf00000, 0x00000000fe000000, 0x00000000fe000000|100%| S|CS|TAMS 0x00000000fdf00000, 0x00000000fdf00000| Complete 
|  32|0x00000000fe000000, 0x00000000fe000000, 0x00000000fe100000|  0%| F|  |TAMS 0x00000000fe000000, 0x00000000fe000000| Untracked 
|  33|0x00000000fe100000, 0x00000000fe100000, 0x00000000fe200000|  0%| F|  |TAMS 0x00000000fe100000, 0x00000000fe100000| Untracked 
|  34|0x00000000fe200000, 0x00000000fe200000, 0x00000000fe300000|  0%| F|  |TAMS 0x00000000fe200000, 0x00000000fe200000| Untracked 
|  35|0x00000000fe300000, 0x00000000fe300000, 0x00000000fe400000|  0%| F|  |TAMS 0x00000000fe300000, 0x00000000fe300000| Untracked 
|  36|0x00000000fe400000, 0x00000000fe400000, 0x00000000fe500000|  0%| F|  |TAMS 0x00000000fe400000, 0x00000000fe400000| Untracked 
|  37|0x00000000fe500000, 0x00000000fe500000, 0x00000000fe600000|  0%| F|  |TAMS 0x00000000fe500000, 0x00000000fe500000| Untracked 
|  38|0x00000000fe600000, 0x00000000fe600000, 0x00000000fe700000|  0%| F|  |TAMS 0x00000000fe600000, 0x00000000fe600000| Untracked 
|  39|0x00000000fe700000, 0x00000000fe700000, 0x00000000fe800000|  0%| F|  |TAMS 0x00000000fe700000, 0x00000000fe700000| Untracked 
|  40|0x00000000fe800000, 0x00000000fe800000, 0x00000000fe900000|  0%| F|  |TAMS 0x00000000fe800000, 0x00000000fe800000| Untracked 
|  41|0x00000000fe900000, 0x00000000fe900000, 0x00000000fea00000|  0%| F|  |TAMS 0x00000000fe900000, 0x00000000fe900000| Untracked 
|  42|0x00000000fea00000, 0x00000000fea00000, 0x00000000feb00000|  0%| F|  |TAMS 0x00000000fea00000, 0x00000000fea00000| Untracked 
|  43|0x00000000feb00000, 0x00000000feb00000, 0x00000000fec00000|  0%| F|  |TAMS 0x00000000feb00000, 0x00000000feb00000| Untracked 
|  44|0x00000000fec00000, 0x00000000fec00000, 0x00000000fed00000|  0%| F|  |TAMS 0x00000000fec00000, 0x00000000fec00000| Untracked 
|  45|0x00000000fed00000, 0x00000000fed00000, 0x00000000fee00000|  0%| F|  |TAMS 0x00000000fed00000, 0x00000000fed00000| Untracked 
|  46|0x00000000fee00000, 0x00000000fee00000, 0x00000000fef00000|  0%| F|  |TAMS 0x00000000fee00000, 0x00000000fee00000| Untracked 
|  47|0x00000000fef00000, 0x00000000fef00000, 0x00000000ff000000|  0%| F|  |TAMS 0x00000000fef00000, 0x00000000fef00000| Untracked 
|  48|0x00000000ff000000, 0x00000000ff000000, 0x00000000ff100000|  0%| F|  |TAMS 0x00000000ff000000, 0x00000000ff000000| Untracked 
|  49|0x00000000ff100000, 0x00000000ff100000, 0x00000000ff200000|  0%| F|  |TAMS 0x00000000ff100000, 0x00000000ff100000| Untracked 
|  50|0x00000000ff200000, 0x00000000ff200000, 0x00000000ff300000|  0%| F|  |TAMS 0x00000000ff200000, 0x00000000ff200000| Untracked 
|  51|0x00000000ff300000, 0x00000000ff300000, 0x00000000ff400000|  0%| F|  |TAMS 0x00000000ff300000, 0x00000000ff300000| Untracked 
|  52|0x00000000ff400000, 0x00000000ff400000, 0x00000000ff500000|  0%| F|  |TAMS 0x00000000ff400000, 0x00000000ff400000| Untracked 
|  53|0x00000000ff500000, 0x00000000ff500000, 0x00000000ff600000|  0%| F|  |TAMS 0x00000000ff500000, 0x00000000ff500000| Untracked 
|  54|0x00000000ff600000, 0x00000000ff600000, 0x00000000ff700000|  0%| F|  |TAMS 0x00000000ff600000, 0x00000000ff600000| Untracked 
|  55|0x00000000ff700000, 0x00000000ff700000, 0x00000000ff800000|  0%| F|  |TAMS 0x00000000ff700000, 0x00000000ff700000| Untracked 
|  56|0x00000000ff800000, 0x00000000ff800000, 0x00000000ff900000|  0%| F|  |TAMS 0x00000000ff800000, 0x00000000ff800000| Untracked 
|  57|0x00000000ff900000, 0x00000000ff98fdb0, 0x00000000ffa00000| 56%| E|  |TAMS 0x00000000ff900000, 0x00000000ff900000| Complete 
|  58|0x00000000ffa00000, 0x00000000ffb00000, 0x00000000ffb00000|100%| E|CS|TAMS 0x00000000ffa00000, 0x00000000ffa00000| Complete 
|  59|0x00000000ffb00000, 0x00000000ffc00000, 0x00000000ffc00000|100%| E|CS|TAMS 0x00000000ffb00000, 0x00000000ffb00000| Complete 
|  60|0x00000000ffc00000, 0x00000000ffd00000, 0x00000000ffd00000|100%| E|CS|TAMS 0x00000000ffc00000, 0x00000000ffc00000| Complete 
|  61|0x00000000ffd00000, 0x00000000ffe00000, 0x00000000ffe00000|100%| E|CS|TAMS 0x00000000ffd00000, 0x00000000ffd00000| Complete 
|  62|0x00000000ffe00000, 0x00000000fff00000, 0x00000000fff00000|100%| E|CS|TAMS 0x00000000ffe00000, 0x00000000ffe00000| Complete 
|  63|0x00000000fff00000, 0x0000000100000000, 0x0000000100000000|100%| E|CS|TAMS 0x00000000fff00000, 0x00000000fff00000| Complete 

Card table byte_map: [0x0000024859340000,0x0000024859360000] _byte_map_base: 0x0000024858b60000

Marking Bits (Prev, Next): (CMBitMap*) 0x000002485b47c180, (CMBitMap*) 0x000002485b47c1c0
 Prev Bits: [0x0000024872500000, 0x0000024872600000)
 Next Bits: [0x0000024872600000, 0x0000024872700000)

Polling page: 0x00000248590a0000

Metaspace:

Usage:
  Non-class:      8.12 MB used.
      Class:      1.23 MB used.
       Both:      9.35 MB used.

Virtual space:
  Non-class space:       64.00 MB reserved,       8.25 MB ( 13%) committed,  1 nodes.
      Class space:        1.00 GB reserved,       1.31 MB ( <1%) committed,  1 nodes.
             Both:        1.06 GB reserved,       9.56 MB ( <1%) committed. 

Chunk freelists:
   Non-Class:  7.67 MB
       Class:  14.51 MB
        Both:  22.18 MB

MaxMetaspaceSize: unlimited
CompressedClassSpaceSize: 1.00 GB
Initial GC threshold: 21.00 MB
Current GC threshold: 21.00 MB
CDS: on
MetaspaceReclaimPolicy: balanced
 - commit_granule_bytes: 65536.
 - commit_granule_words: 8192.
 - virtual_space_node_default_size: 8388608.
 - enlarge_chunks_in_place: 1.
 - new_chunks_are_fully_committed: 0.
 - uncommit_free_chunks: 1.
 - use_allocation_guard: 0.
 - handle_deallocations: 1.


Internal statistics:

num_allocs_failed_limit: 0.
num_arena_births: 80.
num_arena_deaths: 0.
num_vsnodes_births: 2.
num_vsnodes_deaths: 0.
num_space_committed: 153.
num_space_uncommitted: 0.
num_chunks_returned_to_freelist: 0.
num_chunks_taken_from_freelist: 347.
num_chunk_merges: 0.
num_chunk_splits: 229.
num_chunks_enlarged: 183.
num_inconsistent_stats: 0.

CodeHeap 'non-profiled nmethods': size=120000Kb used=746Kb max_used=746Kb free=119253Kb
 bounds [0x000002486aa80000, 0x000002486acf0000, 0x0000024871fb0000]
CodeHeap 'profiled nmethods': size=120000Kb used=3580Kb max_used=3580Kb free=116419Kb
 bounds [0x0000024862fb0000, 0x0000024863330000, 0x000002486a4e0000]
CodeHeap 'non-nmethods': size=5760Kb used=1172Kb max_used=1202Kb free=4587Kb
 bounds [0x000002486a4e0000, 0x000002486a750000, 0x000002486aa80000]
 total_blobs=2348 nmethods=1880 adapters=381
 compilation: enabled
              stopped_count=0, restarted_count=0
 full_count=0

Compilation events (20 events):
Event: 56.587 Thread 0x000002487531d380 nmethod 1872 0x0000024863329710 code [0x00000248633298e0, 0x0000024863329c48]
Event: 56.587 Thread 0x000002487531d380 1873       3       com.google.common.collect.Iterators$ArrayItr::get (12 bytes)
Event: 56.588 Thread 0x000002487531d380 nmethod 1873 0x0000024863329e10 code [0x0000024863329fa0, 0x000002486332a0d8]
Event: 58.913 Thread 0x000002487531d380 1874       3       com.esotericsoftware.kryo.io.Input::readUtf8 (90 bytes)
Event: 58.916 Thread 0x000002487531d380 nmethod 1874 0x000002486332a190 code [0x000002486332a360, 0x000002486332a758]
Event: 59.034 Thread 0x000002487531c8d0 1875       4       org.gradle.internal.logging.text.AbstractLineChoppingStyledTextOutput$StateContext::isCurrentCharEquals (70 bytes)
Event: 59.038 Thread 0x000002487531d380 1880       3       java.nio.CharBuffer::hasArray (20 bytes)
Event: 59.039 Thread 0x000002487531d380 nmethod 1880 0x000002486332a990 code [0x000002486332ab20, 0x000002486332acb8]
Event: 59.043 Thread 0x000002487531d380 1881       3       java.nio.ByteBuffer::hasArray (20 bytes)
Event: 59.044 Thread 0x000002487531d380 nmethod 1881 0x000002486332ad90 code [0x000002486332af20, 0x000002486332b0b8]
Event: 59.056 Thread 0x000002487531c8d0 nmethod 1875 0x000002486ab37b10 code [0x000002486ab37ca0, 0x000002486ab37de8]
Event: 59.056 Thread 0x000002487531c8d0 1876       4       org.gradle.internal.logging.text.AbstractLineChoppingStyledTextOutput$StateContext::hasChar (25 bytes)
Event: 59.057 Thread 0x000002487531c8d0 nmethod 1876 0x000002486ab37f90 code [0x000002486ab38120, 0x000002486ab381b8]
Event: 59.057 Thread 0x000002487531c8d0 1877       4       org.gradle.internal.logging.text.AbstractLineChoppingStyledTextOutput$1::execute (9 bytes)
Event: 59.058 Thread 0x000002487ad126c0 1878       4       org.gradle.internal.logging.text.AbstractLineChoppingStyledTextOutput$1::execute (140 bytes)
Event: 59.081 Thread 0x000002487531c8d0 nmethod 1877 0x000002486ab38290 code [0x000002486ab38480, 0x000002486ab38b48]
Event: 59.081 Thread 0x000002487531c8d0 1879       4       org.gradle.internal.logging.text.AbstractLineChoppingStyledTextOutput$2::execute (77 bytes)
Event: 59.081 Thread 0x000002487ad126c0 nmethod 1878 0x000002486ab39110 code [0x000002486ab39300, 0x000002486ab39988]
Event: 59.090 Thread 0x000002487531c8d0 nmethod 1879 0x000002486ab39f10 code [0x000002486ab3a0e0, 0x000002486ab3a588]
Event: 63.494 Thread 0x000002487531c8d0 1882       4       com.google.common.base.Preconditions::checkNotNull (14 bytes)

GC Heap History (4 events):
Event: 1.880 GC heap before
{Heap before GC invocations=0 (full 0):
 garbage-first heap   total 65536K, used 22528K [0x00000000fc000000, 0x0000000100000000)
  region size 1024K, 23 young (23552K), 0 survivors (0K)
 Metaspace       used 1803K, committed 1920K, reserved 1114112K
  class space    used 162K, committed 192K, reserved 1048576K
}
Event: 1.894 GC heap after
{Heap after GC invocations=1 (full 0):
 garbage-first heap   total 65536K, used 2368K [0x00000000fc000000, 0x0000000100000000)
  region size 1024K, 3 young (3072K), 3 survivors (3072K)
 Metaspace       used 1803K, committed 1920K, reserved 1114112K
  class space    used 162K, committed 192K, reserved 1048576K
}
Event: 4.584 GC heap before
{Heap before GC invocations=1 (full 0):
 garbage-first heap   total 65536K, used 35136K [0x00000000fc000000, 0x0000000100000000)
  region size 1024K, 32 young (32768K), 3 survivors (3072K)
 Metaspace       used 7697K, committed 7936K, reserved 1114112K
  class space    used 1051K, committed 1216K, reserved 1048576K
}
Event: 4.593 GC heap after
{Heap after GC invocations=2 (full 0):
 garbage-first heap   total 65536K, used 11041K [0x00000000fc000000, 0x0000000100000000)
  region size 1024K, 4 young (4096K), 4 survivors (4096K)
 Metaspace       used 7697K, committed 7936K, reserved 1114112K
  class space    used 1051K, committed 1216K, reserved 1048576K
}

Dll operation events (13 events):
Event: 0.047 Loaded shared library C:\Program Files\Eclipse Adoptium\jdk-17.0.16.8-hotspot\bin\java.dll
Event: 0.144 Loaded shared library C:\Program Files\Eclipse Adoptium\jdk-17.0.16.8-hotspot\bin\jsvml.dll
Event: 0.267 Loaded shared library C:\Program Files\Eclipse Adoptium\jdk-17.0.16.8-hotspot\bin\net.dll
Event: 0.274 Loaded shared library C:\Program Files\Eclipse Adoptium\jdk-17.0.16.8-hotspot\bin\nio.dll
Event: 0.283 Loaded shared library C:\Program Files\Eclipse Adoptium\jdk-17.0.16.8-hotspot\bin\zip.dll
Event: 1.670 Loaded shared library C:\Program Files\Eclipse Adoptium\jdk-17.0.16.8-hotspot\bin\jimage.dll
Event: 2.978 Loaded shared library C:\Program Files\Eclipse Adoptium\jdk-17.0.16.8-hotspot\bin\verify.dll
Event: 3.206 Loaded shared library C:\Program Files\Eclipse Adoptium\jdk-17.0.16.8-hotspot\bin\management.dll
Event: 3.220 Loaded shared library C:\Program Files\Eclipse Adoptium\jdk-17.0.16.8-hotspot\bin\management_ext.dll
Event: 3.393 Loaded shared library C:\Users\sashm\.gradle\native\1def1411415f61bf3af743bc5b6707747c0891f09f0c88961ee8f79bc544acac\windows-amd64\native-platform.dll
Event: 3.522 Loaded shared library C:\Users\sashm\.gradle\native\jansi\1.18\windows64\jansi.dll
Event: 4.165 Loaded shared library C:\Program Files\Eclipse Adoptium\jdk-17.0.16.8-hotspot\bin\extnet.dll
Event: 4.863 Loaded shared library C:\Program Files\Eclipse Adoptium\jdk-17.0.16.8-hotspot\bin\sunmscapi.dll

Deoptimization events (20 events):
Event: 4.811 Thread 0x000002485b458470 Uncommon trap: trap_request=0xffffff45 fr.pc=0x000002486aad83ac relative=0x000000000000060c
Event: 4.811 Thread 0x000002485b458470 Uncommon trap: reason=unstable_if action=reinterpret pc=0x000002486aad83ac method=java.lang.AbstractStringBuilder.append(Ljava/lang/String;)Ljava/lang/AbstractStringBuilder; @ 1 c2
Event: 4.811 Thread 0x000002485b458470 DEOPT PACKING pc=0x000002486aad83ac sp=0x00000067f85fceb0
Event: 4.811 Thread 0x000002485b458470 DEOPT UNPACKING pc=0x000002486a5369a3 sp=0x00000067f85fce98 mode 2
Event: 4.841 Thread 0x000002485b458470 Uncommon trap: trap_request=0xffffffde fr.pc=0x000002486aabaa14 relative=0x0000000000000074
Event: 4.841 Thread 0x000002485b458470 Uncommon trap: reason=class_check action=maybe_recompile pc=0x000002486aabaa14 method=java.util.AbstractList$Itr.hasNext()Z @ 8 c2
Event: 4.841 Thread 0x000002485b458470 DEOPT PACKING pc=0x000002486aabaa14 sp=0x00000067f85fc870
Event: 4.841 Thread 0x000002485b458470 DEOPT UNPACKING pc=0x000002486a5369a3 sp=0x00000067f85fc808 mode 2
Event: 4.922 Thread 0x000002485b458470 Uncommon trap: trap_request=0xffffffde fr.pc=0x000002486aabaa14 relative=0x0000000000000074
Event: 4.922 Thread 0x000002485b458470 Uncommon trap: reason=class_check action=maybe_recompile pc=0x000002486aabaa14 method=java.util.AbstractList$Itr.hasNext()Z @ 8 c2
Event: 4.922 Thread 0x000002485b458470 DEOPT PACKING pc=0x000002486aabaa14 sp=0x00000067f85fc0d0
Event: 4.922 Thread 0x000002485b458470 DEOPT UNPACKING pc=0x000002486a5369a3 sp=0x00000067f85fc068 mode 2
Event: 4.989 Thread 0x000002485b458470 Uncommon trap: trap_request=0xffffffde fr.pc=0x000002486aabaa14 relative=0x0000000000000074
Event: 4.989 Thread 0x000002485b458470 Uncommon trap: reason=class_check action=maybe_recompile pc=0x000002486aabaa14 method=java.util.AbstractList$Itr.hasNext()Z @ 8 c2
Event: 4.990 Thread 0x000002485b458470 DEOPT PACKING pc=0x000002486aabaa14 sp=0x00000067f85fd040
Event: 4.990 Thread 0x000002485b458470 DEOPT UNPACKING pc=0x000002486a5369a3 sp=0x00000067f85fcfd8 mode 2
Event: 58.910 Thread 0x000002485b458470 Uncommon trap: trap_request=0xffffff45 fr.pc=0x000002486ab35728 relative=0x0000000000000508
Event: 58.910 Thread 0x000002485b458470 Uncommon trap: reason=unstable_if action=reinterpret pc=0x000002486ab35728 method=com.esotericsoftware.kryo.io.Input.readUtf8(I)V @ 79 c2
Event: 58.910 Thread 0x000002485b458470 DEOPT PACKING pc=0x000002486ab35728 sp=0x00000067f85fcc40
Event: 58.911 Thread 0x000002485b458470 DEOPT UNPACKING pc=0x000002486a5369a3 sp=0x00000067f85fcbd8 mode 2

Classes loaded (20 events):
Event: 25.128 Loading class jdk/internal/logger/LazyLoggers$LazyLoggerFactories
Event: 25.130 Loading class jdk/internal/logger/LazyLoggers$LazyLoggerFactories done
Event: 25.131 Loading class jdk/internal/logger/LoggerFinderLoader
Event: 25.131 Loading class jdk/internal/logger/LoggerFinderLoader done
Event: 25.132 Loading class jdk/internal/logger/LoggerFinderLoader$TemporaryLoggerFinder
Event: 25.133 Loading class jdk/internal/logger/LoggerFinderLoader$TemporaryLoggerFinder done
Event: 25.134 Loading class sun/util/logging/internal/LoggingProviderImpl$JULWrapper
Event: 25.145 Loading class sun/util/logging/PlatformLogger$ConfigurableBridge$LoggerConfiguration
Event: 25.155 Loading class sun/util/logging/PlatformLogger$ConfigurableBridge$LoggerConfiguration done
Event: 25.155 Loading class sun/util/logging/internal/LoggingProviderImpl$JULWrapper done
Event: 25.156 Loading class java/io/ObjectInputFilter
Event: 25.160 Loading class java/io/ObjectInputFilter done
Event: 25.161 Loading class java/io/ObjectInputFilter$Config$BuiltinFilterFactory
Event: 25.161 Loading class java/io/ObjectInputFilter$Config$BuiltinFilterFactory done
Event: 25.161 Loading class jdk/internal/access/JavaObjectInputFilterAccess
Event: 25.161 Loading class jdk/internal/access/JavaObjectInputFilterAccess done
Event: 25.162 Loading class java/lang/System$Logger$Level
Event: 25.164 Loading class java/lang/System$Logger$Level done
Event: 25.165 Loading class java/io/Bits
Event: 25.165 Loading class java/io/Bits done

Classes unloaded (0 events):
No events

Classes redefined (0 events):
No events

Internal exceptions (20 events):
Event: 3.199 Thread 0x000002485b458470 Exception <a 'java/lang/NoSuchMethodError'{0x00000000ff2763a0}: 'java.lang.Object java.lang.invoke.DirectMethodHandle$Holder.invokeStaticInit(java.lang.Object)'> (0x00000000ff2763a0) 
thrown [s\src\hotspot\share\interpreter\linkResolver.cpp, line 759]
Event: 3.245 Thread 0x000002485b458470 Exception <a 'java/lang/NoSuchMethodError'{0x00000000ff291328}: 'int java.lang.invoke.DirectMethodHandle$Holder.invokeSpecial(java.lang.Object, java.lang.Object, java.lang.Object)'> (0x00000000ff291328) 
thrown [s\src\hotspot\share\interpreter\linkResolver.cpp, line 759]
Event: 3.263 Thread 0x000002485b458470 Exception <a 'java/lang/NoSuchMethodError'{0x00000000ff2cd438}: 'void java.lang.invoke.DirectMethodHandle$Holder.invokeStatic(java.lang.Object, java.lang.Object)'> (0x00000000ff2cd438) 
thrown [s\src\hotspot\share\interpreter\linkResolver.cpp, line 759]
Event: 3.267 Thread 0x000002485b458470 Implicit null exception at 0x000002486aaea18f to 0x000002486aaea6c4
Event: 3.267 Thread 0x000002485b458470 Implicit null exception at 0x000002486aaca08f to 0x000002486aaca5d0
Event: 3.315 Thread 0x000002485b458470 Exception <a 'java/lang/NoClassDefFoundError'{0x00000000ff14c7b8}: org/slf4j/impl/StaticMarkerBinder> (0x00000000ff14c7b8) 
thrown [s\src\hotspot\share\classfile\systemDictionary.cpp, line 245]
Event: 3.424 Thread 0x000002485b458470 Exception <a 'java/lang/NoSuchMethodError'{0x00000000ff0770e0}: 'java.lang.Object java.lang.invoke.Invokers$Holder.invoker(java.lang.Object, java.lang.Object, java.lang.Object)'> (0x00000000ff0770e0) 
thrown [s\src\hotspot\share\interpreter\linkResolver.cpp, line 759]
Event: 3.428 Thread 0x000002485b458470 Exception <a 'java/lang/NoSuchMethodError'{0x00000000ff0804b0}: 'java.lang.Object java.lang.invoke.DirectMethodHandle$Holder.invokeStatic(java.lang.Object, java.lang.Object, int)'> (0x00000000ff0804b0) 
thrown [s\src\hotspot\share\interpreter\linkResolver.cpp, line 759]
Event: 3.432 Thread 0x000002485b458470 Exception <a 'java/lang/NoSuchMethodError'{0x00000000ff08c1a0}: 'void java.lang.invoke.DelegatingMethodHandle$Holder.delegate(java.lang.Object, java.lang.Object, int, java.lang.Object)'> (0x00000000ff08c1a0) 
thrown [s\src\hotspot\share\interpreter\linkResolver.cpp, line 759]
Event: 3.440 Thread 0x000002485b458470 Exception <a 'java/lang/NoSuchMethodError'{0x00000000ff09f7e8}: 'java.lang.Object java.lang.invoke.Invokers$Holder.invokeExact_MT(java.lang.Object, java.lang.Object, java.lang.Object, java.lang.Object)'> (0x00000000ff09f7e8) 
thrown [s\src\hotspot\share\interpreter\linkResolver.cpp, line 759]
Event: 3.464 Thread 0x000002485b458470 Exception <a 'java/lang/NoSuchMethodError'{0x00000000ff0cb998}: 'java.lang.Object java.lang.invoke.DirectMethodHandle$Holder.invokeVirtual(java.lang.Object, java.lang.Object, java.lang.Object)'> (0x00000000ff0cb998) 
thrown [s\src\hotspot\share\interpreter\linkResolver.cpp, line 759]
Event: 3.723 Thread 0x000002485b458470 Exception <a 'java/lang/NoSuchMethodError'{0x00000000fece1990}: 'java.lang.Object java.lang.invoke.DirectMethodHandle$Holder.newInvokeSpecial(java.lang.Object, java.lang.Object, java.lang.Object, java.lang.Object, java.lang.Object)'> (0x00000000fece1990) 
thrown [s\src\hotspot\share\interpreter\linkResolver.cpp, line 759]
Event: 3.789 Thread 0x000002485b458470 Exception <a 'java/lang/NoSuchMethodError'{0x00000000fea9b960}: 'void java.lang.invoke.DirectMethodHandle$Holder.invokeSpecial(java.lang.Object, java.lang.Object, java.lang.Object)'> (0x00000000fea9b960) 
thrown [s\src\hotspot\share\interpreter\linkResolver.cpp, line 759]
Event: 4.170 Thread 0x000002485b458470 Exception <a 'java/lang/NoSuchMethodError'{0x00000000fe5ba8c0}: 'void java.lang.invoke.DirectMethodHandle$Holder.invokeStatic(java.lang.Object, java.lang.Object, java.lang.Object)'> (0x00000000fe5ba8c0) 
thrown [s\src\hotspot\share\interpreter\linkResolver.cpp, line 759]
Event: 4.280 Thread 0x000002485b458470 Exception <a 'java/lang/NoSuchMethodError'{0x00000000fe24b378}: 'java.lang.Object java.lang.invoke.DirectMethodHandle$Holder.newInvokeSpecial(java.lang.Object, java.lang.Object, java.lang.Object, java.lang.Object, java.lang.Object, java.lang.Object, java.lang.Object, java.lang.Object, java.lang.Object, java.lang.Object, java.lang.Object, java.lang.Object, java.lang.Object, java.lang.Object, java.lang.Object, java.lang.Object, java.lang.Object, java.lang.Object, java.lang.Object, java.lang.Object, java.lang
Event: 4.282 Thread 0x000002485b458470 Exception <a 'java/lang/NoSuchMethodError'{0x00000000fe257980}: 'java.lang.Object java.lang.invoke.Invokers$Holder.linkToTargetMethod(java.lang.Object, java.lang.Object, java.lang.Object, java.lang.Object, java.lang.Object, java.lang.Object, java.lang.Object, java.lang.Object, java.lang.Object, java.lang.Object, java.lang.Object, java.lang.Object, java.lang.Object, java.lang.Object, java.lang.Object, java.lang.Object, java.lang.Object, java.lang.Object, java.lang.Object, java.lang.Object, java.lang.Object,
Event: 4.382 Thread 0x000002485b458470 Exception <a 'java/lang/NoSuchMethodError'{0x00000000fe0b25d8}: 'java.lang.Object java.lang.invoke.DirectMethodHandle$Holder.invokeStaticInit(java.lang.Object, int, int, int, int)'> (0x00000000fe0b25d8) 
thrown [s\src\hotspot\share\interpreter\linkResolver.cpp, line 759]
Event: 4.767 Thread 0x000002485b458470 Exception <a 'java/lang/NoSuchMethodError'{0x00000000fffd9b18}: 'java.lang.Object java.lang.invoke.DirectMethodHandle$Holder.invokeStaticInit(java.lang.Object, java.lang.Object, int, int, int, int)'> (0x00000000fffd9b18) 
thrown [s\src\hotspot\share\interpreter\linkResolver.cpp, line 759]
Event: 4.808 Thread 0x000002485b458470 Implicit null exception at 0x000002486aac87d5 to 0x000002486aac8d8c
Event: 4.811 Thread 0x000002485b458470 Implicit null exception at 0x000002486aad7dd2 to 0x000002486aad8394

VM Operations (20 events):
Event: 41.231 Executing VM operation: Cleanup
Event: 41.231 Executing VM operation: Cleanup done
Event: 42.246 Executing VM operation: Cleanup
Event: 42.246 Executing VM operation: Cleanup done
Event: 43.258 Executing VM operation: Cleanup
Event: 43.259 Executing VM operation: Cleanup done
Event: 51.333 Executing VM operation: Cleanup
Event: 51.333 Executing VM operation: Cleanup done
Event: 53.348 Executing VM operation: Cleanup
Event: 53.348 Executing VM operation: Cleanup done
Event: 55.372 Executing VM operation: Cleanup
Event: 55.372 Executing VM operation: Cleanup done
Event: 59.025 Executing VM operation: HandshakeAllThreads
Event: 59.027 Executing VM operation: HandshakeAllThreads done
Event: 59.027 Executing VM operation: Cleanup
Event: 59.027 Executing VM operation: Cleanup done
Event: 60.041 Executing VM operation: Cleanup
Event: 60.041 Executing VM operation: Cleanup done
Event: 60.277 Executing VM operation: HandshakeAllThreads
Event: 60.277 Executing VM operation: HandshakeAllThreads done

Memory protections (0 events):
No events

Nmethod flushes (0 events):
No events

Events (17 events):
Event: 0.145 Thread 0x000002485b458470 Thread added: 0x000002485b458470
Event: 0.156 Thread 0x000002485b458470 Thread added: 0x00000248752eaeb0
Event: 0.156 Thread 0x000002485b458470 Thread added: 0x00000248752ecd80
Event: 0.219 Thread 0x000002485b458470 Thread added: 0x0000024875304610
Event: 0.219 Thread 0x000002485b458470 Thread added: 0x00000248753093f0
Event: 0.219 Thread 0x000002485b458470 Thread added: 0x0000024875314580
Event: 0.219 Thread 0x000002485b458470 Thread added: 0x00000248753156e0
Event: 0.220 Thread 0x000002485b458470 Thread added: 0x000002487531c8d0
Event: 0.220 Thread 0x000002485b458470 Thread added: 0x000002487531d380
Event: 0.221 Thread 0x000002485b458470 Thread added: 0x00000248753234c0
Event: 0.250 Thread 0x000002485b458470 Thread added: 0x000002487555cd70
Event: 0.254 Thread 0x000002485b458470 Thread added: 0x0000024875564910
Event: 2.761 Thread 0x000002487531d380 Thread added: 0x000002487a251650
Event: 3.277 Thread 0x000002487a251650 Thread exited: 0x000002487a251650
Event: 3.581 Thread 0x000002485b458470 Thread added: 0x000002487ac54b30
Event: 59.043 Thread 0x000002487531d380 Thread added: 0x000002487ad126c0
Event: 63.494 Thread 0x000002487ad126c0 Thread exited: 0x000002487ad126c0


Dynamic libraries:
0x00007ff70d070000 - 0x00007ff70d07e000 	C:\Program Files\Eclipse Adoptium\jdk-17.0.16.8-hotspot\bin\java.exe
0x00007ffdaf900000 - 0x00007ffdafb68000 	C:\WINDOWS\SYSTEM32\ntdll.dll
0x00007ffdaeaa0000 - 0x00007ffdaeb69000 	C:\WINDOWS\System32\KERNEL32.DLL
0x00007ffdad030000 - 0x00007ffdad422000 	C:\WINDOWS\System32\KERNELBASE.dll
0x00007ffdacee0000 - 0x00007ffdad02b000 	C:\WINDOWS\System32\ucrtbase.dll
0x00007ffd23460000 - 0x00007ffd2347e000 	C:\Program Files\Eclipse Adoptium\jdk-17.0.16.8-hotspot\bin\VCRUNTIME140.dll
0x00007ffd9c730000 - 0x00007ffd9c747000 	C:\Program Files\Eclipse Adoptium\jdk-17.0.16.8-hotspot\bin\jli.dll
0x00007ffdad730000 - 0x00007ffdad8f5000 	C:\WINDOWS\System32\USER32.dll
0x00007ffd98160000 - 0x00007ffd983f3000 	C:\WINDOWS\WinSxS\amd64_microsoft.windows.common-controls_6595b64144ccf1df_6.0.26100.6899_none_3e0efeeae32e88c1\COMCTL32.dll
0x00007ffdacb20000 - 0x00007ffdacb47000 	C:\WINDOWS\System32\win32u.dll
0x00007ffdadf10000 - 0x00007ffdadf3b000 	C:\WINDOWS\System32\GDI32.dll
0x00007ffdade60000 - 0x00007ffdadf09000 	C:\WINDOWS\System32\msvcrt.dll
0x00007ffdad5a0000 - 0x00007ffdad6cd000 	C:\WINDOWS\System32\gdi32full.dll
0x00007ffdace30000 - 0x00007ffdaced3000 	C:\WINDOWS\System32\msvcp_win.dll
0x00007ffdaed80000 - 0x00007ffdaedaf000 	C:\WINDOWS\System32\IMM32.DLL
0x00007ffd8f3d0000 - 0x00007ffd8f3dc000 	C:\Program Files\Eclipse Adoptium\jdk-17.0.16.8-hotspot\bin\vcruntime140_1.dll
0x00007ffd3bad0000 - 0x00007ffd3bb5d000 	C:\Program Files\Eclipse Adoptium\jdk-17.0.16.8-hotspot\bin\msvcp140.dll
0x00007ffd18410000 - 0x00007ffd1907b000 	C:\Program Files\Eclipse Adoptium\jdk-17.0.16.8-hotspot\bin\server\jvm.dll
0x00007ffdaeb70000 - 0x00007ffdaec24000 	C:\WINDOWS\System32\ADVAPI32.dll
0x00007ffdad980000 - 0x00007ffdada26000 	C:\WINDOWS\System32\sechost.dll
0x00007ffdae960000 - 0x00007ffdaea78000 	C:\WINDOWS\System32\RPCRT4.dll
0x00007ffdada60000 - 0x00007ffdadad4000 	C:\WINDOWS\System32\WS2_32.dll
0x00007ffdac8f0000 - 0x00007ffdac94e000 	C:\WINDOWS\SYSTEM32\POWRPROF.dll
0x00007ffda5c10000 - 0x00007ffda5c45000 	C:\WINDOWS\SYSTEM32\WINMM.dll
0x00007ffda5c50000 - 0x00007ffda5c5b000 	C:\WINDOWS\SYSTEM32\VERSION.dll
0x00007ffdac8d0000 - 0x00007ffdac8e4000 	C:\WINDOWS\SYSTEM32\UMPDC.dll
0x00007ffdab860000 - 0x00007ffdab87b000 	C:\WINDOWS\SYSTEM32\kernel.appcore.dll
0x00007ffd278b0000 - 0x00007ffd278ba000 	C:\Program Files\Eclipse Adoptium\jdk-17.0.16.8-hotspot\bin\jimage.dll
0x00007ffda1e60000 - 0x00007ffda20a2000 	C:\WINDOWS\SYSTEM32\DBGHELP.DLL
0x00007ffdadf50000 - 0x00007ffdae2cb000 	C:\WINDOWS\System32\combase.dll
0x00007ffdae7f0000 - 0x00007ffdae8c7000 	C:\WINDOWS\System32\OLEAUT32.dll
0x00007ffd97520000 - 0x00007ffd9755c000 	C:\WINDOWS\SYSTEM32\dbgcore.DLL
0x00007ffdacb50000 - 0x00007ffdacbe8000 	C:\WINDOWS\System32\bcryptPrimitives.dll
0x00007ffd1a3f0000 - 0x00007ffd1a415000 	C:\Program Files\Eclipse Adoptium\jdk-17.0.16.8-hotspot\bin\java.dll
0x00007ffd1a2e0000 - 0x00007ffd1a3b7000 	C:\Program Files\Eclipse Adoptium\jdk-17.0.16.8-hotspot\bin\jsvml.dll
0x00007ffdaf170000 - 0x00007ffdaf8bd000 	C:\WINDOWS\System32\SHELL32.dll
0x00007ffdad430000 - 0x00007ffdad59b000 	C:\WINDOWS\System32\wintypes.dll
0x00007ffdaa720000 - 0x00007ffdaaf7d000 	C:\WINDOWS\SYSTEM32\windows.storage.dll
0x00007ffdaec80000 - 0x00007ffdaed72000 	C:\WINDOWS\System32\SHCORE.dll
0x00007ffdae2d0000 - 0x00007ffdae332000 	C:\WINDOWS\System32\shlwapi.dll
0x00007ffdac9b0000 - 0x00007ffdac9d9000 	C:\WINDOWS\SYSTEM32\profapi.dll
0x00007ffd1a2c0000 - 0x00007ffd1a2d9000 	C:\Program Files\Eclipse Adoptium\jdk-17.0.16.8-hotspot\bin\net.dll
0x00007ffda35d0000 - 0x00007ffda36ef000 	C:\WINDOWS\SYSTEM32\WINHTTP.dll
0x00007ffdabdd0000 - 0x00007ffdabe3b000 	C:\WINDOWS\system32\mswsock.dll
0x00007ffd1a2a0000 - 0x00007ffd1a2b6000 	C:\Program Files\Eclipse Adoptium\jdk-17.0.16.8-hotspot\bin\nio.dll
0x00007ffd19fc0000 - 0x00007ffd19fd8000 	C:\Program Files\Eclipse Adoptium\jdk-17.0.16.8-hotspot\bin\zip.dll
0x00007ffd25410000 - 0x00007ffd25420000 	C:\Program Files\Eclipse Adoptium\jdk-17.0.16.8-hotspot\bin\verify.dll
0x00007ffd91330000 - 0x00007ffd9133a000 	C:\Program Files\Eclipse Adoptium\jdk-17.0.16.8-hotspot\bin\management.dll
0x00007ffd90c80000 - 0x00007ffd90c8b000 	C:\Program Files\Eclipse Adoptium\jdk-17.0.16.8-hotspot\bin\management_ext.dll
0x00007ffdaea80000 - 0x00007ffdaea88000 	C:\WINDOWS\System32\PSAPI.DLL
0x00007ffd59160000 - 0x00007ffd59187000 	C:\Users\sashm\.gradle\native\1def1411415f61bf3af743bc5b6707747c0891f09f0c88961ee8f79bc544acac\windows-amd64\native-platform.dll
0x00007ffd9c670000 - 0x00007ffd9c67a000 	C:\Users\sashm\.gradle\native\jansi\1.18\windows64\jansi.dll
0x00007ffdab2d0000 - 0x00007ffdab304000 	C:\WINDOWS\SYSTEM32\IPHLPAPI.DLL
0x00007ffdaf0e0000 - 0x00007ffdaf0ea000 	C:\WINDOWS\System32\NSI.dll
0x00007ffda5a10000 - 0x00007ffda5a2e000 	C:\WINDOWS\SYSTEM32\dhcpcsvc6.DLL
0x00007ffda35a0000 - 0x00007ffda35c3000 	C:\WINDOWS\SYSTEM32\dhcpcsvc.DLL
0x00007ffdab370000 - 0x00007ffdab496000 	C:\WINDOWS\SYSTEM32\DNSAPI.dll
0x00007ffd24e00000 - 0x00007ffd24e09000 	C:\Program Files\Eclipse Adoptium\jdk-17.0.16.8-hotspot\bin\extnet.dll
0x00007ffdac080000 - 0x00007ffdac09b000 	C:\WINDOWS\SYSTEM32\CRYPTSP.dll
0x00007ffdab7c0000 - 0x00007ffdab7fb000 	C:\WINDOWS\system32\rsaenh.dll
0x00007ffdabe70000 - 0x00007ffdabe9b000 	C:\WINDOWS\SYSTEM32\USERENV.dll
0x00007ffdac980000 - 0x00007ffdac9a6000 	C:\WINDOWS\SYSTEM32\bcrypt.dll
0x00007ffdac0a0000 - 0x00007ffdac0ac000 	C:\WINDOWS\SYSTEM32\CRYPTBASE.dll
0x00007ffda0650000 - 0x00007ffda065e000 	C:\Program Files\Eclipse Adoptium\jdk-17.0.16.8-hotspot\bin\sunmscapi.dll
0x00007ffdacbf0000 - 0x00007ffdacd67000 	C:\WINDOWS\System32\CRYPT32.dll
0x00007ffdac2a0000 - 0x00007ffdac2d0000 	C:\WINDOWS\SYSTEM32\ncrypt.dll
0x00007ffdac250000 - 0x00007ffdac28f000 	C:\WINDOWS\SYSTEM32\NTASN1.dll
0x00007ffd19a80000 - 0x00007ffd19a88000 	C:\WINDOWS\system32\wshunix.dll

dbghelp: loaded successfully - version: 4.0.5 - missing functions: none
symbol engine: initialized successfully - sym options: 0x614 - pdb path: .;C:\Program Files\Eclipse Adoptium\jdk-17.0.16.8-hotspot\bin;C:\WINDOWS\SYSTEM32;C:\WINDOWS\WinSxS\amd64_microsoft.windows.common-controls_6595b64144ccf1df_6.0.26100.6899_none_3e0efeeae32e88c1;C:\Program Files\Eclipse Adoptium\jdk-17.0.16.8-hotspot\bin\server;C:\Users\sashm\.gradle\native\1def1411415f61bf3af743bc5b6707747c0891f09f0c88961ee8f79bc544acac\windows-amd64;C:\Users\sashm\.gradle\native\jansi\1.18\windows64

VM Arguments:
jvm_args: -Xmx64m -Xms64m -Dorg.gradle.appname=gradlew 
java_command: C:\proj-short\android\\gradle\wrapper\gradle-wrapper.jar app:installDebug -PreactNativeDevServerPort=8081
java_class_path (initial): C:\proj-short\android\\gradle\wrapper\gradle-wrapper.jar
Launcher Type: SUN_STANDARD

[Global flags]
     intx CICompilerCount                          = 4                                         {product} {ergonomic}
     uint ConcGCThreads                            = 3                                         {product} {ergonomic}
     uint G1ConcRefinementThreads                  = 10                                        {product} {ergonomic}
   size_t G1HeapRegionSize                         = 1048576                                   {product} {ergonomic}
    uintx GCDrainStackTargetSize                   = 64                                        {product} {ergonomic}
   size_t InitialHeapSize                          = 67108864                                  {product} {command line}
   size_t MarkStackSize                            = 4194304                                   {product} {ergonomic}
   size_t MaxHeapSize                              = 67108864                                  {product} {command line}
   size_t MaxNewSize                               = 39845888                                  {product} {ergonomic}
   size_t MinHeapDeltaBytes                        = 1048576                                   {product} {ergonomic}
   size_t MinHeapSize                              = 67108864                                  {product} {command line}
    uintx NonNMethodCodeHeapSize                   = 5839372                                {pd product} {ergonomic}
    uintx NonProfiledCodeHeapSize                  = 122909434                              {pd product} {ergonomic}
    uintx ProfiledCodeHeapSize                     = 122909434                              {pd product} {ergonomic}
    uintx ReservedCodeCacheSize                    = 251658240                              {pd product} {ergonomic}
     bool SegmentedCodeCache                       = true                                      {product} {ergonomic}
   size_t SoftMaxHeapSize                          = 67108864                               {manageable} {ergonomic}
     bool UseCompressedClassPointers               = true                           {product lp64_product} {ergonomic}
     bool UseCompressedOops                        = true                           {product lp64_product} {ergonomic}
     bool UseG1GC                                  = true                                      {product} {ergonomic}
     bool UseLargePagesIndividualAllocation        = false                                  {pd product} {ergonomic}

Logging:
Log output configuration:
 #0: stdout all=warning uptime,level,tags
 #1: stderr all=off uptime,level,tags

Environment Variables:
JAVA_HOME=C:\Program Files\Eclipse Adoptium\jdk-17.0.16.8-hotspot
PATH=C:\proj-short\node_modules\.bin;C:\proj-short\node_modules\.bin;C:\node_modules\.bin;C:\Program Files\nodejs\node_modules\npm\node_modules\@npmcli\run-script\lib\node-gyp-bin;C:\Program Files\Eclipse Adoptium\jdk-17.0.16.8-hotspot\bin;C:\Android\platform-tools;C:\Program Files\OpenSSL-Win64\bin;C:\Program Files\Eclipse Adoptium\jdk-17.0.16.8-hotspot\bin;C:\WINDOWS\system32;C:\WINDOWS;C:\WINDOWS\System32\Wbem;C:\WINDOWS\System32\WindowsPowerShell\v1.0\;C:\WINDOWS\System32\OpenSSH\;C:\Program Files\Git\cmd;C:\Program Files\nodejs\;C:\ProgramData\chocolatey\bin;C:\Android\emulator;C:\Android\cmdline-tools\bin;C:\Android\build-tools;C:\Program Files\Microsoft\jdk-21.0.8.9-hotspot\bin;C:\Android\platform-tools;C:\Program Files\Microsoft\jdk-21.0.8.9-hotspot;C:\Program Files\OpenSSL-Win64\bin;C:\Program Files\Microsoft\jdk-21.0.8.9-hotspot\bin;C:\WINDOWS\system32;C:\WINDOWS;C:\WINDOWS\System32\Wbem;C:\WINDOWS\System32\WindowsPowerShell\v1.0\;C:\WINDOWS\System32\OpenSSH\;C:\Program Files\Git\cmd;C:\Program Files\nodejs\;C:\ProgramData\chocolatey\bin;C:\Android\emulator;C:\Android\cmdline-tools\bin;C:\Android\build-tools;C:\Program Files\Microsoft\jdk-21.0.8.9-hotspot\bin;C:\Android\platform-tools;C:\Program Files\OpenSSL-Win64\bin;C:\WINDOWS\system32;C:\WINDOWS;C:\WINDOWS\System32\Wbem;C:\WINDOWS\System32\WindowsPowerShell\v1.0\;C:\WINDOWS\System32\OpenSSH\;C:\Program Files\Git\cmd;C:\Program Files\nodejs\;C:\Users\sashm\AppData\Local\Microsoft\WindowsApps;C:\Users\sashm\AppData\Local\Programs\Microsoft VS Code\bin;C:\Users\sashm\AppData\Roaming\npm;C:\Android\platform-tools;C:\Android\emulator;C:\Android\cmdline-tools\bin;C:\Android\build-
USERNAME=sashm
OS=Windows_NT
PROCESSOR_IDENTIFIER=AMD64 Family 23 Model 96 Stepping 1, AuthenticAMD
TMP=C:\Users\sashm\AppData\Local\Temp
TEMP=C:\Users\sashm\AppData\Local\Temp



Periodic native trim disabled


---------------  S Y S T E M  ---------------

OS:
 Windows 11 , 64 bit Build 26100 (10.0.26100.6725)
OS uptime: 0 days 14:00 hours

CPU: total 12 (initial active 12) (12 cores per cpu, 2 threads per core) family 23 model 96 stepping 1 microcode 0x8600104, cx8, cmov, fxsr, ht, mmx, 3dnowpref, sse, sse2, sse3, ssse3, sse4a, sse4.1, sse4.2, popcnt, lzcnt, tsc, tscinvbit, avx, avx2, aes, clmul, bmi1, bmi2, adx, sha, fma, vzeroupper, clflush, clflushopt
Processor Information for all 12 processors :
  Max Mhz: 3000, Current Mhz: 1400, Mhz Limit: 3000

Memory: 4k page, system-wide physical 7599M (588M free)
TotalPageFile size 31151M (AvailPageFile size 21M)
current process WorkingSet (physical memory assigned to process): 21M, peak: 110M
current process commit charge ("private bytes"): 169M, peak: 176M

vm_info: OpenJDK 64-Bit Server VM (17.0.16+8) for windows-amd64 JRE (17.0.16+8), built on Jul 16 2025 10:37:56 by "admin" with MS VC++ 17.7 (VS2022)

END.
