#
# There is insufficient memory for the Java Runtime Environment to continue.
# Native memory allocation (malloc) failed to allocate 32744 bytes. Error detail: ChunkPool::allocate
# Possible reasons:
#   The system is out of physical RAM or swap space
#   This process is running with CompressedOops enabled, and the Java Heap may be blocking the growth of the native heap
# Possible solutions:
#   Reduce memory load on the system
#   Increase physical memory or swap space
#   Check if swap backing store is full
#   Decrease Java heap size (-Xmx/-Xms)
#   Decrease number of Java threads
#   Decrease Java thread stack sizes (-Xss)
#   Set larger code cache with -XX:ReservedCodeCacheSize=
#   JVM is running with Unscaled Compressed Oops mode in which the Java heap is
#     placed in the first 4GB address space. The Java Heap base address is the
#     maximum limit for the native heap growth. Please use -XX:HeapBaseMinAddress
#     to set the Java Heap base and to place the Java Heap above 4GB virtual address.
# This output file may be truncated or incomplete.
#
#  Out of Memory Error (arena.cpp:79), pid=14060, tid=25368
#
# JRE version: OpenJDK Runtime Environment Temurin-17.0.16+8 (17.0.16+8) (build 17.0.16+8)
# Java VM: OpenJDK 64-Bit Server VM Temurin-17.0.16+8 (17.0.16+8, mixed mode, sharing, tiered, compressed oops, compressed class ptrs, g1 gc, windows-amd64)
# No core dump will be written. Minidumps are not enabled by default on client versions of Windows
#

---------------  S U M M A R Y ------------

Command Line: -Xmx64m -Xms64m -Dorg.gradle.appname=gradlew C:\proj-short\android\\gradle\wrapper\gradle-wrapper.jar assembleDebug

Host: AMD Ryzen 5 4600H with Radeon Graphics         , 12 cores, 7G,  Windows 11 , 64 bit Build 26100 (10.0.26100.7019)
Time: Sat Nov 29 23:08:11 2025 India Standard Time elapsed time: 295.688396 seconds (0d 0h 4m 55s)

---------------  T H R E A D  ---------------

Current thread (0x000001cf50e4c3d0):  JavaThread "C2 CompilerThread0" daemon [_thread_in_native, id=25368, stack(0x00000029d8300000,0x00000029d8400000)]


Current CompileTask:
C2: 295696 2006       4       org.gradle.internal.logging.sink.GroupingProgressLogEventGenerator$OperationGroup::maybeFlushOutput (34 bytes)

Stack: [0x00000029d8300000,0x00000029d8400000]
Native frames: (J=compiled Java code, j=interpreted, Vv=VM code, C=native code)
V  [jvm.dll+0x683169]
V  [jvm.dll+0x839ac8]
V  [jvm.dll+0x83b573]
V  [jvm.dll+0x83bbe3]
V  [jvm.dll+0x2473ff]
V  [jvm.dll+0xad09c]
V  [jvm.dll+0xad52c]
V  [jvm.dll+0x11de85]
V  [jvm.dll+0x6acbfe]
V  [jvm.dll+0x1bac86]
V  [jvm.dll+0x218477]
V  [jvm.dll+0x21775f]
V  [jvm.dll+0x1a32a0]
V  [jvm.dll+0x227b3c]
V  [jvm.dll+0x225ccb]
V  [jvm.dll+0x7ef2d8]
V  [jvm.dll+0x7e979c]
V  [jvm.dll+0x682047]
C  [ucrtbase.dll+0x37b0]
C  [KERNEL32.DLL+0x2e8d7]
C  [ntdll.dll+0x8c53c]


---------------  P R O C E S S  ---------------

Threads class SMR info:
_java_thread_list=0x000001cf975e8040, length=13, elements={
0x000001cf36f84ee0, 0x000001cf50e1bae0, 0x000001cf50e1d210, 0x000001cf50e34400,
0x000001cf50e36dd0, 0x000001cf50e38300, 0x000001cf50e3b840, 0x000001cf50e4c3d0,
0x000001cf50e4f470, 0x000001cf50e4fa80, 0x000001cf960b1e00, 0x000001cf960ba590,
0x000001cf9721fae0
}

Java Threads: ( => current thread )
  0x000001cf36f84ee0 JavaThread "main" [_thread_in_native, id=28456, stack(0x00000029d7600000,0x00000029d7700000)]
  0x000001cf50e1bae0 JavaThread "Reference Handler" daemon [_thread_blocked, id=20396, stack(0x00000029d7d00000,0x00000029d7e00000)]
  0x000001cf50e1d210 JavaThread "Finalizer" daemon [_thread_blocked, id=6660, stack(0x00000029d7e00000,0x00000029d7f00000)]
  0x000001cf50e34400 JavaThread "Signal Dispatcher" daemon [_thread_blocked, id=11236, stack(0x00000029d7f00000,0x00000029d8000000)]
  0x000001cf50e36dd0 JavaThread "Attach Listener" daemon [_thread_blocked, id=13164, stack(0x00000029d8000000,0x00000029d8100000)]
  0x000001cf50e38300 JavaThread "Service Thread" daemon [_thread_blocked, id=11680, stack(0x00000029d8100000,0x00000029d8200000)]
  0x000001cf50e3b840 JavaThread "Monitor Deflation Thread" daemon [_thread_blocked, id=14808, stack(0x00000029d8200000,0x00000029d8300000)]
=>0x000001cf50e4c3d0 JavaThread "C2 CompilerThread0" daemon [_thread_in_native, id=25368, stack(0x00000029d8300000,0x00000029d8400000)]
  0x000001cf50e4f470 JavaThread "C1 CompilerThread0" daemon [_thread_blocked, id=25060, stack(0x00000029d8400000,0x00000029d8500000)]
  0x000001cf50e4fa80 JavaThread "Sweeper thread" daemon [_thread_blocked, id=22412, stack(0x00000029d8500000,0x00000029d8600000)]
  0x000001cf960b1e00 JavaThread "Notification Thread" daemon [_thread_blocked, id=1804, stack(0x00000029d8600000,0x00000029d8700000)]
  0x000001cf960ba590 JavaThread "Common-Cleaner" daemon [_thread_blocked, id=19644, stack(0x00000029d8800000,0x00000029d8900000)]
  0x000001cf9721fae0 JavaThread "pool-1-thread-1" [_thread_in_Java, id=28056, stack(0x00000029d8900000,0x00000029d8a00000)]

Other Threads:
  0x000001cf50e17a40 VMThread "VM Thread" [stack: 0x00000029d7c00000,0x00000029d7d00000] [id=25020]
  0x000001cf960ba2f0 WatcherThread [stack: 0x00000029d8700000,0x00000029d8800000] [id=13772]
  0x000001cf36fa86d0 GCTaskThread "GC Thread#0" [stack: 0x00000029d7700000,0x00000029d7800000] [id=19148]
  0x000001cf968e5800 GCTaskThread "GC Thread#1" [stack: 0x00000029d8b00000,0x00000029d8c00000] [id=27336]
  0x000001cf96758390 GCTaskThread "GC Thread#2" [stack: 0x00000029d8c00000,0x00000029d8d00000] [id=7480]
  0x000001cf963266b0 GCTaskThread "GC Thread#3" [stack: 0x00000029d8d00000,0x00000029d8e00000] [id=15640]
  0x000001cf96fa1b60 GCTaskThread "GC Thread#4" [stack: 0x00000029d8e00000,0x00000029d8f00000] [id=22320]
  0x000001cf96fa1320 GCTaskThread "GC Thread#5" [stack: 0x00000029d8f00000,0x00000029d9000000] [id=18584]
  0x000001cf96fa0820 GCTaskThread "GC Thread#6" [stack: 0x00000029d9000000,0x00000029d9100000] [id=3024]
  0x000001cf96fa0560 GCTaskThread "GC Thread#7" [stack: 0x00000029d9100000,0x00000029d9200000] [id=21864]
  0x000001cf36fa9e20 ConcurrentGCThread "G1 Main Marker" [stack: 0x00000029d7800000,0x00000029d7900000] [id=21652]
  0x000001cf36fab510 ConcurrentGCThread "G1 Conc#0" [stack: 0x00000029d7900000,0x00000029d7a00000] [id=25272]
  0x000001cf3703d930 ConcurrentGCThread "G1 Refine#0" [stack: 0x00000029d7a00000,0x00000029d7b00000] [id=23024]
  0x000001cf966fb490 ConcurrentGCThread "G1 Refine#1" [stack: 0x00000029d9200000,0x00000029d9300000] [id=27328]
  0x000001cf97253490 ConcurrentGCThread "G1 Refine#2" [stack: 0x00000029d9400000,0x00000029d9500000] [id=15748]
  0x000001cf3703e360 ConcurrentGCThread "G1 Service" [stack: 0x00000029d7b00000,0x00000029d7c00000] [id=20804]

Threads with active compile tasks:
C2 CompilerThread0   296774 2006       4       org.gradle.internal.logging.sink.GroupingProgressLogEventGenerator$OperationGroup::maybeFlushOutput (34 bytes)

VM state: not at safepoint (normal execution)

VM Mutex/Monitor currently owned by a thread: None

Heap address: 0x00000000fc000000, size: 64 MB, Compressed Oops mode: 32-bit

CDS archive(s) mapped at: [0x000001cf51000000-0x000001cf51bb0000-0x000001cf51bb0000), size 12255232, SharedBaseAddress: 0x000001cf51000000, ArchiveRelocationMode: 1.
Compressed class space mapped at: 0x000001cf52000000-0x000001cf92000000, reserved size: 1073741824
Narrow klass base: 0x000001cf51000000, Narrow klass shift: 0, Narrow klass range: 0x100000000

GC Precious Log:
 CPUs: 12 total, 12 available
 Memory: 7599M
 Large Page Support: Disabled
 NUMA Support: Disabled
 Compressed Oops: Enabled (32-bit)
 Heap Region Size: 1M
 Heap Min Capacity: 64M
 Heap Initial Capacity: 64M
 Heap Max Capacity: 64M
 Pre-touch: Disabled
 Parallel Workers: 10
 Concurrent Workers: 3
 Concurrent Refinement Workers: 10
 Periodic GC: Disabled

Heap:
 garbage-first heap   total 65536K, used 20711K [0x00000000fc000000, 0x0000000100000000)
  region size 1024K, 15 young (15360K), 5 survivors (5120K)
 Metaspace       used 9554K, committed 9792K, reserved 1114112K
  class space    used 1255K, committed 1344K, reserved 1048576K

Heap Regions: E=young(eden), S=young(survivor), O=old, HS=humongous(starts), HC=humongous(continues), CS=collection set, F=free, OA=open archive, CA=closed archive, TAMS=top-at-mark-start (previous, next)
|   0|0x00000000fc000000, 0x00000000fc100000, 0x00000000fc100000|100%|HS|  |TAMS 0x00000000fc000000, 0x00000000fc000000| Complete 
|   1|0x00000000fc100000, 0x00000000fc200000, 0x00000000fc200000|100%|HC|  |TAMS 0x00000000fc100000, 0x00000000fc100000| Complete 
|   2|0x00000000fc200000, 0x00000000fc300000, 0x00000000fc300000|100%|HC|  |TAMS 0x00000000fc200000, 0x00000000fc200000| Complete 
|   3|0x00000000fc300000, 0x00000000fc400000, 0x00000000fc400000|100%| O|  |TAMS 0x00000000fc300000, 0x00000000fc300000| Untracked 
|   4|0x00000000fc400000, 0x00000000fc500000, 0x00000000fc500000|100%| O|  |TAMS 0x00000000fc400000, 0x00000000fc400000| Untracked 
|   5|0x00000000fc500000, 0x00000000fc600000, 0x00000000fc600000|100%| O|  |TAMS 0x00000000fc500000, 0x00000000fc500000| Untracked 
|   6|0x00000000fc600000, 0x00000000fc639e00, 0x00000000fc700000| 22%| O|  |TAMS 0x00000000fc600000, 0x00000000fc600000| Untracked 
|   7|0x00000000fc700000, 0x00000000fc700000, 0x00000000fc800000|  0%| F|  |TAMS 0x00000000fc700000, 0x00000000fc700000| Untracked 
|   8|0x00000000fc800000, 0x00000000fc800000, 0x00000000fc900000|  0%| F|  |TAMS 0x00000000fc800000, 0x00000000fc800000| Untracked 
|   9|0x00000000fc900000, 0x00000000fc900000, 0x00000000fca00000|  0%| F|  |TAMS 0x00000000fc900000, 0x00000000fc900000| Untracked 
|  10|0x00000000fca00000, 0x00000000fca00000, 0x00000000fcb00000|  0%| F|  |TAMS 0x00000000fca00000, 0x00000000fca00000| Untracked 
|  11|0x00000000fcb00000, 0x00000000fcb00000, 0x00000000fcc00000|  0%| F|  |TAMS 0x00000000fcb00000, 0x00000000fcb00000| Untracked 
|  12|0x00000000fcc00000, 0x00000000fcc00000, 0x00000000fcd00000|  0%| F|  |TAMS 0x00000000fcc00000, 0x00000000fcc00000| Untracked 
|  13|0x00000000fcd00000, 0x00000000fcd00000, 0x00000000fce00000|  0%| F|  |TAMS 0x00000000fcd00000, 0x00000000fcd00000| Untracked 
|  14|0x00000000fce00000, 0x00000000fce00000, 0x00000000fcf00000|  0%| F|  |TAMS 0x00000000fce00000, 0x00000000fce00000| Untracked 
|  15|0x00000000fcf00000, 0x00000000fcf00000, 0x00000000fd000000|  0%| F|  |TAMS 0x00000000fcf00000, 0x00000000fcf00000| Untracked 
|  16|0x00000000fd000000, 0x00000000fd000000, 0x00000000fd100000|  0%| F|  |TAMS 0x00000000fd000000, 0x00000000fd000000| Untracked 
|  17|0x00000000fd100000, 0x00000000fd100000, 0x00000000fd200000|  0%| F|  |TAMS 0x00000000fd100000, 0x00000000fd100000| Untracked 
|  18|0x00000000fd200000, 0x00000000fd200000, 0x00000000fd300000|  0%| F|  |TAMS 0x00000000fd200000, 0x00000000fd200000| Untracked 
|  19|0x00000000fd300000, 0x00000000fd300000, 0x00000000fd400000|  0%| F|  |TAMS 0x00000000fd300000, 0x00000000fd300000| Untracked 
|  20|0x00000000fd400000, 0x00000000fd400000, 0x00000000fd500000|  0%| F|  |TAMS 0x00000000fd400000, 0x00000000fd400000| Untracked 
|  21|0x00000000fd500000, 0x00000000fd500000, 0x00000000fd600000|  0%| F|  |TAMS 0x00000000fd500000, 0x00000000fd500000| Untracked 
|  22|0x00000000fd600000, 0x00000000fd600000, 0x00000000fd700000|  0%| F|  |TAMS 0x00000000fd600000, 0x00000000fd600000| Untracked 
|  23|0x00000000fd700000, 0x00000000fd700000, 0x00000000fd800000|  0%| F|  |TAMS 0x00000000fd700000, 0x00000000fd700000| Untracked 
|  24|0x00000000fd800000, 0x00000000fd800000, 0x00000000fd900000|  0%| F|  |TAMS 0x00000000fd800000, 0x00000000fd800000| Untracked 
|  25|0x00000000fd900000, 0x00000000fd900000, 0x00000000fda00000|  0%| F|  |TAMS 0x00000000fd900000, 0x00000000fd900000| Untracked 
|  26|0x00000000fda00000, 0x00000000fdb00000, 0x00000000fdb00000|100%| S|CS|TAMS 0x00000000fda00000, 0x00000000fda00000| Complete 
|  27|0x00000000fdb00000, 0x00000000fdc00000, 0x00000000fdc00000|100%| S|CS|TAMS 0x00000000fdb00000, 0x00000000fdb00000| Complete 
|  28|0x00000000fdc00000, 0x00000000fdd00000, 0x00000000fdd00000|100%| S|CS|TAMS 0x00000000fdc00000, 0x00000000fdc00000| Complete 
|  29|0x00000000fdd00000, 0x00000000fde00000, 0x00000000fde00000|100%| S|CS|TAMS 0x00000000fdd00000, 0x00000000fdd00000| Complete 
|  30|0x00000000fde00000, 0x00000000fdf00000, 0x00000000fdf00000|100%| S|CS|TAMS 0x00000000fde00000, 0x00000000fde00000| Complete 
|  31|0x00000000fdf00000, 0x00000000fdf00000, 0x00000000fe000000|  0%| F|  |TAMS 0x00000000fdf00000, 0x00000000fdf00000| Untracked 
|  32|0x00000000fe000000, 0x00000000fe000000, 0x00000000fe100000|  0%| F|  |TAMS 0x00000000fe000000, 0x00000000fe000000| Untracked 
|  33|0x00000000fe100000, 0x00000000fe100000, 0x00000000fe200000|  0%| F|  |TAMS 0x00000000fe100000, 0x00000000fe100000| Untracked 
|  34|0x00000000fe200000, 0x00000000fe200000, 0x00000000fe300000|  0%| F|  |TAMS 0x00000000fe200000, 0x00000000fe200000| Untracked 
|  35|0x00000000fe300000, 0x00000000fe300000, 0x00000000fe400000|  0%| F|  |TAMS 0x00000000fe300000, 0x00000000fe300000| Untracked 
|  36|0x00000000fe400000, 0x00000000fe400000, 0x00000000fe500000|  0%| F|  |TAMS 0x00000000fe400000, 0x00000000fe400000| Untracked 
|  37|0x00000000fe500000, 0x00000000fe500000, 0x00000000fe600000|  0%| F|  |TAMS 0x00000000fe500000, 0x00000000fe500000| Untracked 
|  38|0x00000000fe600000, 0x00000000fe600000, 0x00000000fe700000|  0%| F|  |TAMS 0x00000000fe600000, 0x00000000fe600000| Untracked 
|  39|0x00000000fe700000, 0x00000000fe700000, 0x00000000fe800000|  0%| F|  |TAMS 0x00000000fe700000, 0x00000000fe700000| Untracked 
|  40|0x00000000fe800000, 0x00000000fe800000, 0x00000000fe900000|  0%| F|  |TAMS 0x00000000fe800000, 0x00000000fe800000| Untracked 
|  41|0x00000000fe900000, 0x00000000fe900000, 0x00000000fea00000|  0%| F|  |TAMS 0x00000000fe900000, 0x00000000fe900000| Untracked 
|  42|0x00000000fea00000, 0x00000000fea00000, 0x00000000feb00000|  0%| F|  |TAMS 0x00000000fea00000, 0x00000000fea00000| Untracked 
|  43|0x00000000feb00000, 0x00000000feb00000, 0x00000000fec00000|  0%| F|  |TAMS 0x00000000feb00000, 0x00000000feb00000| Untracked 
|  44|0x00000000fec00000, 0x00000000fec00000, 0x00000000fed00000|  0%| F|  |TAMS 0x00000000fec00000, 0x00000000fec00000| Untracked 
|  45|0x00000000fed00000, 0x00000000fed00000, 0x00000000fee00000|  0%| F|  |TAMS 0x00000000fed00000, 0x00000000fed00000| Untracked 
|  46|0x00000000fee00000, 0x00000000fee00000, 0x00000000fef00000|  0%| F|  |TAMS 0x00000000fee00000, 0x00000000fee00000| Untracked 
|  47|0x00000000fef00000, 0x00000000fef00000, 0x00000000ff000000|  0%| F|  |TAMS 0x00000000fef00000, 0x00000000fef00000| Untracked 
|  48|0x00000000ff000000, 0x00000000ff000000, 0x00000000ff100000|  0%| F|  |TAMS 0x00000000ff000000, 0x00000000ff000000| Untracked 
|  49|0x00000000ff100000, 0x00000000ff100000, 0x00000000ff200000|  0%| F|  |TAMS 0x00000000ff100000, 0x00000000ff100000| Untracked 
|  50|0x00000000ff200000, 0x00000000ff200000, 0x00000000ff300000|  0%| F|  |TAMS 0x00000000ff200000, 0x00000000ff200000| Untracked 
|  51|0x00000000ff300000, 0x00000000ff300000, 0x00000000ff400000|  0%| F|  |TAMS 0x00000000ff300000, 0x00000000ff300000| Untracked 
|  52|0x00000000ff400000, 0x00000000ff400000, 0x00000000ff500000|  0%| F|  |TAMS 0x00000000ff400000, 0x00000000ff400000| Untracked 
|  53|0x00000000ff500000, 0x00000000ff500000, 0x00000000ff600000|  0%| F|  |TAMS 0x00000000ff500000, 0x00000000ff500000| Untracked 
|  54|0x00000000ff600000, 0x00000000ff66bdf0, 0x00000000ff700000| 42%| E|  |TAMS 0x00000000ff600000, 0x00000000ff600000| Complete 
|  55|0x00000000ff700000, 0x00000000ff800000, 0x00000000ff800000|100%| E|CS|TAMS 0x00000000ff700000, 0x00000000ff700000| Complete 
|  56|0x00000000ff800000, 0x00000000ff900000, 0x00000000ff900000|100%| E|CS|TAMS 0x00000000ff800000, 0x00000000ff800000| Complete 
|  57|0x00000000ff900000, 0x00000000ffa00000, 0x00000000ffa00000|100%| E|CS|TAMS 0x00000000ff900000, 0x00000000ff900000| Complete 
|  58|0x00000000ffa00000, 0x00000000ffb00000, 0x00000000ffb00000|100%| E|CS|TAMS 0x00000000ffa00000, 0x00000000ffa00000| Complete 
|  59|0x00000000ffb00000, 0x00000000ffc00000, 0x00000000ffc00000|100%| E|CS|TAMS 0x00000000ffb00000, 0x00000000ffb00000| Complete 
|  60|0x00000000ffc00000, 0x00000000ffd00000, 0x00000000ffd00000|100%| E|CS|TAMS 0x00000000ffc00000, 0x00000000ffc00000| Complete 
|  61|0x00000000ffd00000, 0x00000000ffe00000, 0x00000000ffe00000|100%| E|CS|TAMS 0x00000000ffd00000, 0x00000000ffd00000| Complete 
|  62|0x00000000ffe00000, 0x00000000fff00000, 0x00000000fff00000|100%| E|CS|TAMS 0x00000000ffe00000, 0x00000000ffe00000| Complete 
|  63|0x00000000fff00000, 0x0000000100000000, 0x0000000100000000|100%| E|CS|TAMS 0x00000000fff00000, 0x00000000fff00000| Complete 

Card table byte_map: [0x000001cf34e90000,0x000001cf34eb0000] _byte_map_base: 0x000001cf346b0000

Marking Bits (Prev, Next): (CMBitMap*) 0x000001cf36fa8cf0, (CMBitMap*) 0x000001cf36fa8d30
 Prev Bits: [0x000001cf4e030000, 0x000001cf4e130000)
 Next Bits: [0x000001cf4e130000, 0x000001cf4e230000)

Polling page: 0x000001cf34e40000

Metaspace:

Usage:
  Non-class:      8.10 MB used.
      Class:      1.23 MB used.
       Both:      9.33 MB used.

Virtual space:
  Non-class space:       64.00 MB reserved,       8.25 MB ( 13%) committed,  1 nodes.
      Class space:        1.00 GB reserved,       1.31 MB ( <1%) committed,  1 nodes.
             Both:        1.06 GB reserved,       9.56 MB ( <1%) committed. 

Chunk freelists:
   Non-Class:  7.67 MB
       Class:  14.51 MB
        Both:  22.19 MB

MaxMetaspaceSize: unlimited
CompressedClassSpaceSize: 1.00 GB
Initial GC threshold: 21.00 MB
Current GC threshold: 21.00 MB
CDS: on
MetaspaceReclaimPolicy: balanced
 - commit_granule_bytes: 65536.
 - commit_granule_words: 8192.
 - virtual_space_node_default_size: 8388608.
 - enlarge_chunks_in_place: 1.
 - new_chunks_are_fully_committed: 0.
 - uncommit_free_chunks: 1.
 - use_allocation_guard: 0.
 - handle_deallocations: 1.


Internal statistics:

num_allocs_failed_limit: 0.
num_arena_births: 80.
num_arena_deaths: 0.
num_vsnodes_births: 2.
num_vsnodes_deaths: 0.
num_space_committed: 153.
num_space_uncommitted: 0.
num_chunks_returned_to_freelist: 0.
num_chunks_taken_from_freelist: 350.
num_chunk_merges: 0.
num_chunk_splits: 225.
num_chunks_enlarged: 182.
num_inconsistent_stats: 0.

CodeHeap 'non-profiled nmethods': size=120000Kb used=914Kb max_used=914Kb free=119085Kb
 bounds [0x000001cf465b0000, 0x000001cf46820000, 0x000001cf4dae0000]
CodeHeap 'profiled nmethods': size=120000Kb used=3663Kb max_used=3663Kb free=116336Kb
 bounds [0x000001cf3eae0000, 0x000001cf3ee80000, 0x000001cf46010000]
CodeHeap 'non-nmethods': size=5760Kb used=1173Kb max_used=1209Kb free=4586Kb
 bounds [0x000001cf46010000, 0x000001cf46280000, 0x000001cf465b0000]
 total_blobs=2472 nmethods=2004 adapters=381
 compilation: enabled
              stopped_count=0, restarted_count=0
 full_count=0

Compilation events (20 events):
Event: 205.780 Thread 0x000001cf50e4f470 nmethod 1996 0x000001cf3ee71190 code [0x000001cf3ee71380, 0x000001cf3ee71978]
Event: 205.780 Thread 0x000001cf50e4f470 1998       3       org.gradle.internal.logging.console.DefaultColorMap$CompositeColor::off (43 bytes)
Event: 205.783 Thread 0x000001cf50e4f470 nmethod 1998 0x000001cf3ee71b10 code [0x000001cf3ee71d20, 0x000001cf3ee72328]
Event: 205.784 Thread 0x000001cf50e4f470 1997       3       org.gradle.internal.logging.console.DefaultColorMap$ForegroundColor::on (10 bytes)
Event: 205.843 Thread 0x000001cf50e4f470 nmethod 1997 0x000001cf3ee72510 code [0x000001cf3ee72700, 0x000001cf3ee72d38]
Event: 213.269 Thread 0x000001cf50e4c3d0 1999       4       java.util.concurrent.locks.ReentrantLock$NonfairSync::initialTryLock (58 bytes)
Event: 213.507 Thread 0x000001cf50e4c3d0 nmethod 1999 0x000001cf46693510 code [0x000001cf466936a0, 0x000001cf46693818]
Event: 237.768 Thread 0x000001cf50e4c3d0 2000       4       java.lang.Integer::valueOf (32 bytes)
Event: 237.905 Thread 0x000001cf50e4c3d0 nmethod 2000 0x000001cf46693890 code [0x000001cf46693a20, 0x000001cf46693af8]
Event: 261.444 Thread 0x000001cf50e4c3d0 2001       4       java.util.concurrent.locks.LockSupport::setBlocker (12 bytes)
Event: 261.461 Thread 0x000001cf50e4c3d0 nmethod 2001 0x000001cf46693b90 code [0x000001cf46693d00, 0x000001cf46693e18]
Event: 266.749 Thread 0x000001cf50e4f470 2002       3       com.google.common.collect.Iterators::forArray (51 bytes)
Event: 266.783 Thread 0x000001cf50e4f470 nmethod 2002 0x000001cf3ee73010 code [0x000001cf3ee73240, 0x000001cf3ee73a18]
Event: 266.835 Thread 0x000001cf50e4c3d0 2003       4       java.util.concurrent.locks.AbstractQueuedSynchronizer$ConditionObject::canReacquire (38 bytes)
Event: 266.843 Thread 0x000001cf50e4c3d0 nmethod 2003 0x000001cf46693e90 code [0x000001cf46694020, 0x000001cf466940d8]
Event: 267.132 Thread 0x000001cf50e4c3d0 2004       4       java.util.concurrent.ScheduledThreadPoolExecutor$ScheduledFutureTask::getDelay (16 bytes)
Event: 267.145 Thread 0x000001cf50e4c3d0 nmethod 2004 0x000001cf46694190 code [0x000001cf46694320, 0x000001cf46694458]
Event: 271.240 Thread 0x000001cf50e4c3d0 2005       4       java.util.concurrent.locks.ReentrantLock$Sync::isHeldExclusively (16 bytes)
Event: 271.276 Thread 0x000001cf50e4c3d0 nmethod 2005 0x000001cf46694590 code [0x000001cf46694720, 0x000001cf466947d8]
Event: 291.989 Thread 0x000001cf50e4c3d0 2006       4       org.gradle.internal.logging.sink.GroupingProgressLogEventGenerator$OperationGroup::maybeFlushOutput (34 bytes)

GC Heap History (4 events):
Event: 0.819 GC heap before
{Heap before GC invocations=0 (full 0):
 garbage-first heap   total 65536K, used 22528K [0x00000000fc000000, 0x0000000100000000)
  region size 1024K, 23 young (23552K), 0 survivors (0K)
 Metaspace       used 1809K, committed 1920K, reserved 1114112K
  class space    used 162K, committed 192K, reserved 1048576K
}
Event: 0.825 GC heap after
{Heap after GC invocations=1 (full 0):
 garbage-first heap   total 65536K, used 2528K [0x00000000fc000000, 0x0000000100000000)
  region size 1024K, 3 young (3072K), 3 survivors (3072K)
 Metaspace       used 1809K, committed 1920K, reserved 1114112K
  class space    used 162K, committed 192K, reserved 1048576K
}
Event: 2.555 GC heap before
{Heap before GC invocations=1 (full 0):
 garbage-first heap   total 65536K, used 35296K [0x00000000fc000000, 0x0000000100000000)
  region size 1024K, 33 young (33792K), 3 survivors (3072K)
 Metaspace       used 8469K, committed 8704K, reserved 1114112K
  class space    used 1159K, committed 1280K, reserved 1048576K
}
Event: 2.566 GC heap after
{Heap after GC invocations=2 (full 0):
 garbage-first heap   total 65536K, used 11495K [0x00000000fc000000, 0x0000000100000000)
  region size 1024K, 5 young (5120K), 5 survivors (5120K)
 Metaspace       used 8469K, committed 8704K, reserved 1114112K
  class space    used 1159K, committed 1280K, reserved 1048576K
}

Dll operation events (13 events):
Event: 0.013 Loaded shared library C:\Program Files\Eclipse Adoptium\jdk-17.0.16.8-hotspot\bin\java.dll
Event: 0.035 Loaded shared library C:\Program Files\Eclipse Adoptium\jdk-17.0.16.8-hotspot\bin\jsvml.dll
Event: 0.099 Loaded shared library C:\Program Files\Eclipse Adoptium\jdk-17.0.16.8-hotspot\bin\net.dll
Event: 0.103 Loaded shared library C:\Program Files\Eclipse Adoptium\jdk-17.0.16.8-hotspot\bin\nio.dll
Event: 0.111 Loaded shared library C:\Program Files\Eclipse Adoptium\jdk-17.0.16.8-hotspot\bin\zip.dll
Event: 0.718 Loaded shared library C:\Program Files\Eclipse Adoptium\jdk-17.0.16.8-hotspot\bin\jimage.dll
Event: 1.280 Loaded shared library C:\Program Files\Eclipse Adoptium\jdk-17.0.16.8-hotspot\bin\verify.dll
Event: 1.424 Loaded shared library C:\Program Files\Eclipse Adoptium\jdk-17.0.16.8-hotspot\bin\management.dll
Event: 1.428 Loaded shared library C:\Program Files\Eclipse Adoptium\jdk-17.0.16.8-hotspot\bin\management_ext.dll
Event: 1.521 Loaded shared library C:\Users\sashm\.gradle\native\1def1411415f61bf3af743bc5b6707747c0891f09f0c88961ee8f79bc544acac\windows-amd64\native-platform.dll
Event: 1.584 Loaded shared library C:\Users\sashm\.gradle\native\jansi\1.18\windows64\jansi.dll
Event: 2.142 Loaded shared library C:\Program Files\Eclipse Adoptium\jdk-17.0.16.8-hotspot\bin\extnet.dll
Event: 2.519 Loaded shared library C:\Program Files\Eclipse Adoptium\jdk-17.0.16.8-hotspot\bin\sunmscapi.dll

Deoptimization events (20 events):
Event: 2.626 Thread 0x000001cf36f84ee0 DEOPT PACKING pc=0x000001cf465e9d94 sp=0x00000029d76fd2a0
Event: 2.626 Thread 0x000001cf36f84ee0 DEOPT UNPACKING pc=0x000001cf460669a3 sp=0x00000029d76fd238 mode 2
Event: 2.634 Thread 0x000001cf9721fae0 Uncommon trap: trap_request=0xffffffde fr.pc=0x000001cf465ea954 relative=0x00000000000000b4
Event: 2.634 Thread 0x000001cf9721fae0 Uncommon trap: reason=class_check action=maybe_recompile pc=0x000001cf465ea954 method=java.util.AbstractList$Itr.next()Ljava/lang/Object; @ 14 c2
Event: 2.634 Thread 0x000001cf9721fae0 DEOPT PACKING pc=0x000001cf465ea954 sp=0x00000029d89fe9c0
Event: 2.634 Thread 0x000001cf9721fae0 DEOPT UNPACKING pc=0x000001cf460669a3 sp=0x00000029d89fe958 mode 2
Event: 5.331 Thread 0x000001cf9721fae0 DEOPT PACKING pc=0x000001cf3ed47629 sp=0x00000029d89fd980
Event: 5.331 Thread 0x000001cf9721fae0 DEOPT UNPACKING pc=0x000001cf46067143 sp=0x00000029d89fce90 mode 0
Event: 51.169 Thread 0x000001cf36f84ee0 DEOPT PACKING pc=0x000001cf3ed62455 sp=0x00000029d76fce20
Event: 51.169 Thread 0x000001cf36f84ee0 DEOPT UNPACKING pc=0x000001cf46067143 sp=0x00000029d76fc2b8 mode 0
Event: 104.834 Thread 0x000001cf36f84ee0 Uncommon trap: trap_request=0xffffff45 fr.pc=0x000001cf466728a4 relative=0x0000000000000504
Event: 104.834 Thread 0x000001cf36f84ee0 Uncommon trap: reason=unstable_if action=reinterpret pc=0x000001cf466728a4 method=com.esotericsoftware.kryo.io.Input.readUtf8(I)V @ 79 c2
Event: 104.834 Thread 0x000001cf36f84ee0 DEOPT PACKING pc=0x000001cf466728a4 sp=0x00000029d76fceb0
Event: 104.835 Thread 0x000001cf36f84ee0 DEOPT UNPACKING pc=0x000001cf460669a3 sp=0x00000029d76fce48 mode 2
Event: 104.929 Thread 0x000001cf36f84ee0 DEOPT PACKING pc=0x000001cf3ee6249d sp=0x00000029d76fceb0
Event: 104.930 Thread 0x000001cf36f84ee0 DEOPT UNPACKING pc=0x000001cf46067143 sp=0x00000029d76fc348 mode 0
Event: 105.051 Thread 0x000001cf9721fae0 DEOPT PACKING pc=0x000001cf3edf13f7 sp=0x00000029d89fe0e0
Event: 105.052 Thread 0x000001cf9721fae0 DEOPT UNPACKING pc=0x000001cf46067143 sp=0x00000029d89fd550 mode 0
Event: 127.139 Thread 0x000001cf36f84ee0 DEOPT PACKING pc=0x000001cf3ee6249d sp=0x00000029d76fce20
Event: 127.142 Thread 0x000001cf36f84ee0 DEOPT UNPACKING pc=0x000001cf46067143 sp=0x00000029d76fc2b8 mode 0

Classes loaded (20 events):
Event: 13.674 Loading class jdk/internal/logger/LazyLoggers$LazyLoggerFactories
Event: 13.674 Loading class jdk/internal/logger/LazyLoggers$LazyLoggerFactories done
Event: 13.675 Loading class jdk/internal/logger/LoggerFinderLoader
Event: 13.675 Loading class jdk/internal/logger/LoggerFinderLoader done
Event: 13.675 Loading class jdk/internal/logger/LoggerFinderLoader$TemporaryLoggerFinder
Event: 13.675 Loading class jdk/internal/logger/LoggerFinderLoader$TemporaryLoggerFinder done
Event: 13.676 Loading class sun/util/logging/internal/LoggingProviderImpl$JULWrapper
Event: 13.676 Loading class sun/util/logging/PlatformLogger$ConfigurableBridge$LoggerConfiguration
Event: 13.676 Loading class sun/util/logging/PlatformLogger$ConfigurableBridge$LoggerConfiguration done
Event: 13.676 Loading class sun/util/logging/internal/LoggingProviderImpl$JULWrapper done
Event: 13.677 Loading class java/io/ObjectInputFilter
Event: 13.677 Loading class java/io/ObjectInputFilter done
Event: 13.678 Loading class java/io/ObjectInputFilter$Config$BuiltinFilterFactory
Event: 13.678 Loading class java/io/ObjectInputFilter$Config$BuiltinFilterFactory done
Event: 13.678 Loading class jdk/internal/access/JavaObjectInputFilterAccess
Event: 13.678 Loading class jdk/internal/access/JavaObjectInputFilterAccess done
Event: 13.679 Loading class java/lang/System$Logger$Level
Event: 13.679 Loading class java/lang/System$Logger$Level done
Event: 13.679 Loading class java/io/Bits
Event: 13.679 Loading class java/io/Bits done

Classes unloaded (0 events):
No events

Classes redefined (0 events):
No events

Internal exceptions (20 events):
Event: 1.421 Thread 0x000001cf36f84ee0 Exception <a 'java/lang/NoSuchMethodError'{0x00000000ff3fa7c0}: 'java.lang.Object java.lang.invoke.DirectMethodHandle$Holder.invokeStaticInit(java.lang.Object)'> (0x00000000ff3fa7c0) 
thrown [s\src\hotspot\share\interpreter\linkResolver.cpp, line 759]
Event: 1.439 Thread 0x000001cf36f84ee0 Exception <a 'java/lang/NoSuchMethodError'{0x00000000ff215740}: 'int java.lang.invoke.DirectMethodHandle$Holder.invokeSpecial(java.lang.Object, java.lang.Object, java.lang.Object)'> (0x00000000ff215740) 
thrown [s\src\hotspot\share\interpreter\linkResolver.cpp, line 759]
Event: 1.452 Thread 0x000001cf36f84ee0 Exception <a 'java/lang/NoSuchMethodError'{0x00000000ff251850}: 'void java.lang.invoke.DirectMethodHandle$Holder.invokeStatic(java.lang.Object, java.lang.Object)'> (0x00000000ff251850) 
thrown [s\src\hotspot\share\interpreter\linkResolver.cpp, line 759]
Event: 1.454 Thread 0x000001cf36f84ee0 Implicit null exception at 0x000001cf4661ea8f to 0x000001cf4661efc4
Event: 1.455 Thread 0x000001cf36f84ee0 Implicit null exception at 0x000001cf465fdc0f to 0x000001cf465fe150
Event: 1.455 Thread 0x000001cf36f84ee0 Implicit null exception at 0x000001cf465e37af to 0x000001cf465e3829
Event: 1.486 Thread 0x000001cf36f84ee0 Exception <a 'java/lang/NoClassDefFoundError'{0x00000000ff2d0e68}: org/slf4j/impl/StaticMarkerBinder> (0x00000000ff2d0e68) 
thrown [s\src\hotspot\share\classfile\systemDictionary.cpp, line 245]
Event: 1.536 Thread 0x000001cf36f84ee0 Exception <a 'java/lang/NoSuchMethodError'{0x00000000ff1fd128}: 'java.lang.Object java.lang.invoke.Invokers$Holder.invoker(java.lang.Object, java.lang.Object, java.lang.Object)'> (0x00000000ff1fd128) 
thrown [s\src\hotspot\share\interpreter\linkResolver.cpp, line 759]
Event: 1.538 Thread 0x000001cf36f84ee0 Exception <a 'java/lang/NoSuchMethodError'{0x00000000ff0064f0}: 'java.lang.Object java.lang.invoke.DirectMethodHandle$Holder.invokeStatic(java.lang.Object, java.lang.Object, int)'> (0x00000000ff0064f0) 
thrown [s\src\hotspot\share\interpreter\linkResolver.cpp, line 759]
Event: 1.540 Thread 0x000001cf36f84ee0 Exception <a 'java/lang/NoSuchMethodError'{0x00000000ff0121e0}: 'void java.lang.invoke.DelegatingMethodHandle$Holder.delegate(java.lang.Object, java.lang.Object, int, java.lang.Object)'> (0x00000000ff0121e0) 
thrown [s\src\hotspot\share\interpreter\linkResolver.cpp, line 759]
Event: 1.545 Thread 0x000001cf36f84ee0 Exception <a 'java/lang/NoSuchMethodError'{0x00000000ff025828}: 'java.lang.Object java.lang.invoke.Invokers$Holder.invokeExact_MT(java.lang.Object, java.lang.Object, java.lang.Object, java.lang.Object)'> (0x00000000ff025828) 
thrown [s\src\hotspot\share\interpreter\linkResolver.cpp, line 759]
Event: 1.557 Thread 0x000001cf36f84ee0 Exception <a 'java/lang/NoSuchMethodError'{0x00000000ff0519d8}: 'java.lang.Object java.lang.invoke.DirectMethodHandle$Holder.invokeVirtual(java.lang.Object, java.lang.Object, java.lang.Object)'> (0x00000000ff0519d8) 
thrown [s\src\hotspot\share\interpreter\linkResolver.cpp, line 759]
Event: 1.703 Thread 0x000001cf36f84ee0 Exception <a 'java/lang/NoSuchMethodError'{0x00000000fec6f378}: 'java.lang.Object java.lang.invoke.DirectMethodHandle$Holder.newInvokeSpecial(java.lang.Object, java.lang.Object, java.lang.Object, java.lang.Object, java.lang.Object)'> (0x00000000fec6f378) 
thrown [s\src\hotspot\share\interpreter\linkResolver.cpp, line 759]
Event: 1.755 Thread 0x000001cf36f84ee0 Exception <a 'java/lang/NoSuchMethodError'{0x00000000fea13418}: 'void java.lang.invoke.DirectMethodHandle$Holder.invokeSpecial(java.lang.Object, java.lang.Object, java.lang.Object)'> (0x00000000fea13418) 
thrown [s\src\hotspot\share\interpreter\linkResolver.cpp, line 759]
Event: 2.146 Thread 0x000001cf36f84ee0 Exception <a 'java/lang/NoSuchMethodError'{0x00000000fe52a510}: 'void java.lang.invoke.DirectMethodHandle$Holder.invokeStatic(java.lang.Object, java.lang.Object, java.lang.Object)'> (0x00000000fe52a510) 
thrown [s\src\hotspot\share\interpreter\linkResolver.cpp, line 759]
Event: 2.229 Thread 0x000001cf36f84ee0 Exception <a 'java/lang/NoSuchMethodError'{0x00000000fe3bb9c0}: 'java.lang.Object java.lang.invoke.DirectMethodHandle$Holder.newInvokeSpecial(java.lang.Object, java.lang.Object, java.lang.Object, java.lang.Object, java.lang.Object, java.lang.Object, java.lang.Object, java.lang.Object, java.lang.Object, java.lang.Object, java.lang.Object, java.lang.Object, java.lang.Object, java.lang.Object, java.lang.Object, java.lang.Object, java.lang.Object, java.lang.Object, java.lang.Object, java.lang.Object, java.lang
Event: 2.231 Thread 0x000001cf36f84ee0 Exception <a 'java/lang/NoSuchMethodError'{0x00000000fe3c7fc8}: 'java.lang.Object java.lang.invoke.Invokers$Holder.linkToTargetMethod(java.lang.Object, java.lang.Object, java.lang.Object, java.lang.Object, java.lang.Object, java.lang.Object, java.lang.Object, java.lang.Object, java.lang.Object, java.lang.Object, java.lang.Object, java.lang.Object, java.lang.Object, java.lang.Object, java.lang.Object, java.lang.Object, java.lang.Object, java.lang.Object, java.lang.Object, java.lang.Object, java.lang.Object,
Event: 2.305 Thread 0x000001cf36f84ee0 Exception <a 'java/lang/NoSuchMethodError'{0x00000000fe0208f8}: 'java.lang.Object java.lang.invoke.DirectMethodHandle$Holder.invokeStaticInit(java.lang.Object, int, int, int, int)'> (0x00000000fe0208f8) 
thrown [s\src\hotspot\share\interpreter\linkResolver.cpp, line 759]
Event: 2.445 Thread 0x000001cf36f84ee0 Exception <a 'java/lang/NoSuchMethodError'{0x00000000fe0671d8}: 'java.lang.Object java.lang.invoke.DirectMethodHandle$Holder.invokeStaticInit(java.lang.Object, java.lang.Object, int, int, int, int)'> (0x00000000fe0671d8) 
thrown [s\src\hotspot\share\interpreter\linkResolver.cpp, line 759]
Event: 2.480 Thread 0x000001cf36f84ee0 Implicit null exception at 0x000001cf465fbbd5 to 0x000001cf465fc18c

VM Operations (20 events):
Event: 126.216 Executing VM operation: Cleanup
Event: 126.216 Executing VM operation: Cleanup done
Event: 127.219 Executing VM operation: Cleanup
Event: 127.219 Executing VM operation: Cleanup done
Event: 146.373 Executing VM operation: Cleanup
Event: 146.373 Executing VM operation: Cleanup done
Event: 160.503 Executing VM operation: Cleanup
Event: 160.503 Executing VM operation: Cleanup done
Event: 180.338 Executing VM operation: HandshakeAllThreads
Event: 180.342 Executing VM operation: HandshakeAllThreads done
Event: 207.569 Executing VM operation: Cleanup
Event: 207.571 Executing VM operation: Cleanup done
Event: 213.648 Executing VM operation: Cleanup
Event: 213.649 Executing VM operation: Cleanup done
Event: 240.547 Executing VM operation: HandshakeAllThreads
Event: 240.550 Executing VM operation: HandshakeAllThreads done
Event: 245.601 Executing VM operation: Cleanup
Event: 245.602 Executing VM operation: Cleanup done
Event: 271.865 Executing VM operation: Cleanup
Event: 271.899 Executing VM operation: Cleanup done

Memory protections (0 events):
No events

Nmethod flushes (0 events):
No events

Events (20 events):
Event: 0.039 Thread 0x000001cf36f84ee0 Thread added: 0x000001cf50e1bae0
Event: 0.039 Thread 0x000001cf36f84ee0 Thread added: 0x000001cf50e1d210
Event: 0.055 Thread 0x000001cf36f84ee0 Thread added: 0x000001cf50e34400
Event: 0.056 Thread 0x000001cf36f84ee0 Thread added: 0x000001cf50e36dd0
Event: 0.056 Thread 0x000001cf36f84ee0 Thread added: 0x000001cf50e38300
Event: 0.056 Thread 0x000001cf36f84ee0 Thread added: 0x000001cf50e3b840
Event: 0.056 Thread 0x000001cf36f84ee0 Thread added: 0x000001cf50e4c3d0
Event: 0.056 Thread 0x000001cf36f84ee0 Thread added: 0x000001cf50e4f470
Event: 0.056 Thread 0x000001cf36f84ee0 Thread added: 0x000001cf50e4fa80
Event: 0.089 Thread 0x000001cf36f84ee0 Thread added: 0x000001cf960b1e00
Event: 0.092 Thread 0x000001cf36f84ee0 Thread added: 0x000001cf960ba590
Event: 0.423 Thread 0x000001cf50e4c3d0 Thread added: 0x000001cf962e6b10
Event: 0.707 Thread 0x000001cf50e4f470 Thread added: 0x000001cf96329a50
Event: 1.439 Thread 0x000001cf96329a50 Thread exited: 0x000001cf96329a50
Event: 1.439 Thread 0x000001cf962e6b10 Thread exited: 0x000001cf962e6b10
Event: 1.621 Thread 0x000001cf36f84ee0 Thread added: 0x000001cf9721fae0
Event: 1.673 Thread 0x000001cf50e4f470 Thread added: 0x000001cf9721f340
Event: 1.970 Thread 0x000001cf9721f340 Thread exited: 0x000001cf9721f340
Event: 2.566 Thread 0x000001cf50e4f470 Thread added: 0x000001cf96936fb0
Event: 3.046 Thread 0x000001cf96936fb0 Thread exited: 0x000001cf96936fb0


Dynamic libraries:
0x00007ff6ca3d0000 - 0x00007ff6ca3de000 	C:\Program Files\Eclipse Adoptium\jdk-17.0.16.8-hotspot\bin\java.exe
0x00007ffba2760000 - 0x00007ffba29c8000 	C:\WINDOWS\SYSTEM32\ntdll.dll
0x00007ffba1410000 - 0x00007ffba14d9000 	C:\WINDOWS\System32\KERNEL32.DLL
0x00007ffb9ffd0000 - 0x00007ffba03c8000 	C:\WINDOWS\System32\KERNELBASE.dll
0x00007ffb9fa10000 - 0x00007ffb9fb5b000 	C:\WINDOWS\System32\ucrtbase.dll
0x00007ffb74d60000 - 0x00007ffb74d77000 	C:\Program Files\Eclipse Adoptium\jdk-17.0.16.8-hotspot\bin\jli.dll
0x00007ffb8a490000 - 0x00007ffb8a4ae000 	C:\Program Files\Eclipse Adoptium\jdk-17.0.16.8-hotspot\bin\VCRUNTIME140.dll
0x00007ffba23e0000 - 0x00007ffba25a7000 	C:\WINDOWS\System32\USER32.dll
0x00007ffb863d0000 - 0x00007ffb86664000 	C:\WINDOWS\WinSxS\amd64_microsoft.windows.common-controls_6595b64144ccf1df_6.0.26100.7019_none_3e06ffa0e335b8a8\COMCTL32.dll
0x00007ffb9fe20000 - 0x00007ffb9fe47000 	C:\WINDOWS\System32\win32u.dll
0x00007ffba0b40000 - 0x00007ffba0be9000 	C:\WINDOWS\System32\msvcrt.dll
0x00007ffba1c50000 - 0x00007ffba1c7b000 	C:\WINDOWS\System32\GDI32.dll
0x00007ffba03d0000 - 0x00007ffba04fc000 	C:\WINDOWS\System32\gdi32full.dll
0x00007ffb9f960000 - 0x00007ffb9fa03000 	C:\WINDOWS\System32\msvcp_win.dll
0x00007ffba21f0000 - 0x00007ffba2221000 	C:\WINDOWS\System32\IMM32.DLL
0x00007ffb8bfd0000 - 0x00007ffb8bfdc000 	C:\Program Files\Eclipse Adoptium\jdk-17.0.16.8-hotspot\bin\vcruntime140_1.dll
0x00007ffb748c0000 - 0x00007ffb7494d000 	C:\Program Files\Eclipse Adoptium\jdk-17.0.16.8-hotspot\bin\msvcp140.dll
0x00007ffb39f70000 - 0x00007ffb3abdb000 	C:\Program Files\Eclipse Adoptium\jdk-17.0.16.8-hotspot\bin\server\jvm.dll
0x00007ffba1ea0000 - 0x00007ffba1f54000 	C:\WINDOWS\System32\ADVAPI32.dll
0x00007ffba0970000 - 0x00007ffba0a16000 	C:\WINDOWS\System32\sechost.dll
0x00007ffba1d80000 - 0x00007ffba1e98000 	C:\WINDOWS\System32\RPCRT4.dll
0x00007ffba1080000 - 0x00007ffba10f4000 	C:\WINDOWS\System32\WS2_32.dll
0x00007ffb9f710000 - 0x00007ffb9f76e000 	C:\WINDOWS\SYSTEM32\POWRPROF.dll
0x00007ffb980d0000 - 0x00007ffb98105000 	C:\WINDOWS\SYSTEM32\WINMM.dll
0x00007ffb98110000 - 0x00007ffb9811b000 	C:\WINDOWS\SYSTEM32\VERSION.dll
0x00007ffb9f6f0000 - 0x00007ffb9f704000 	C:\WINDOWS\SYSTEM32\UMPDC.dll
0x00007ffb9e670000 - 0x00007ffb9e68b000 	C:\WINDOWS\SYSTEM32\kernel.appcore.dll
0x00007ffb8bf40000 - 0x00007ffb8bf4a000 	C:\Program Files\Eclipse Adoptium\jdk-17.0.16.8-hotspot\bin\jimage.dll
0x00007ffb937a0000 - 0x00007ffb939e2000 	C:\WINDOWS\SYSTEM32\DBGHELP.DLL
0x00007ffba05e0000 - 0x00007ffba096b000 	C:\WINDOWS\System32\combase.dll
0x00007ffba1c80000 - 0x00007ffba1d57000 	C:\WINDOWS\System32\OLEAUT32.dll
0x00007ffb87740000 - 0x00007ffb8777c000 	C:\WINDOWS\SYSTEM32\dbgcore.DLL
0x00007ffb9f8b0000 - 0x00007ffb9f955000 	C:\WINDOWS\System32\bcryptPrimitives.dll
0x00007ffb74160000 - 0x00007ffb74185000 	C:\Program Files\Eclipse Adoptium\jdk-17.0.16.8-hotspot\bin\java.dll
0x00007ffb6a450000 - 0x00007ffb6a527000 	C:\Program Files\Eclipse Adoptium\jdk-17.0.16.8-hotspot\bin\jsvml.dll
0x00007ffba14e0000 - 0x00007ffba1c2f000 	C:\WINDOWS\System32\SHELL32.dll
0x00007ffb9fcb0000 - 0x00007ffb9fe1b000 	C:\WINDOWS\System32\wintypes.dll
0x00007ffb9d510000 - 0x00007ffb9dd6d000 	C:\WINDOWS\SYSTEM32\windows.storage.dll
0x00007ffba1200000 - 0x00007ffba12f2000 	C:\WINDOWS\System32\SHCORE.dll
0x00007ffba0a50000 - 0x00007ffba0ab7000 	C:\WINDOWS\System32\shlwapi.dll
0x00007ffb9f7d0000 - 0x00007ffb9f7f9000 	C:\WINDOWS\SYSTEM32\profapi.dll
0x00007ffb85d00000 - 0x00007ffb85d19000 	C:\Program Files\Eclipse Adoptium\jdk-17.0.16.8-hotspot\bin\net.dll
0x00007ffb953c0000 - 0x00007ffb954e8000 	C:\WINDOWS\SYSTEM32\WINHTTP.dll
0x00007ffb9ebe0000 - 0x00007ffb9ec4b000 	C:\WINDOWS\system32\mswsock.dll
0x00007ffb80a50000 - 0x00007ffb80a66000 	C:\Program Files\Eclipse Adoptium\jdk-17.0.16.8-hotspot\bin\nio.dll
0x00007ffb71aa0000 - 0x00007ffb71ab8000 	C:\Program Files\Eclipse Adoptium\jdk-17.0.16.8-hotspot\bin\zip.dll
0x00007ffb85d50000 - 0x00007ffb85d60000 	C:\Program Files\Eclipse Adoptium\jdk-17.0.16.8-hotspot\bin\verify.dll
0x00007ffb8ca80000 - 0x00007ffb8ca8a000 	C:\Program Files\Eclipse Adoptium\jdk-17.0.16.8-hotspot\bin\management.dll
0x00007ffb80960000 - 0x00007ffb8096b000 	C:\Program Files\Eclipse Adoptium\jdk-17.0.16.8-hotspot\bin\management_ext.dll
0x00007ffba0500000 - 0x00007ffba0508000 	C:\WINDOWS\System32\PSAPI.DLL
0x00007ffb73f00000 - 0x00007ffb73f27000 	C:\Users\sashm\.gradle\native\1def1411415f61bf3af743bc5b6707747c0891f09f0c88961ee8f79bc544acac\windows-amd64\native-platform.dll
0x00007ffb9a900000 - 0x00007ffb9a90a000 	C:\Users\sashm\.gradle\native\jansi\1.18\windows64\jansi.dll
0x00007ffb9e080000 - 0x00007ffb9e0b4000 	C:\WINDOWS\SYSTEM32\IPHLPAPI.DLL
0x00007ffba05d0000 - 0x00007ffba05da000 	C:\WINDOWS\System32\NSI.dll
0x00007ffb95390000 - 0x00007ffb953ae000 	C:\WINDOWS\SYSTEM32\dhcpcsvc6.DLL
0x00007ffb95360000 - 0x00007ffb95383000 	C:\WINDOWS\SYSTEM32\dhcpcsvc.DLL
0x00007ffb9e170000 - 0x00007ffb9e29c000 	C:\WINDOWS\SYSTEM32\DNSAPI.dll
0x00007ffb84280000 - 0x00007ffb84289000 	C:\Program Files\Eclipse Adoptium\jdk-17.0.16.8-hotspot\bin\extnet.dll
0x00007ffb9eea0000 - 0x00007ffb9eebb000 	C:\WINDOWS\SYSTEM32\CRYPTSP.dll
0x00007ffb9e5d0000 - 0x00007ffb9e60a000 	C:\WINDOWS\system32\rsaenh.dll
0x00007ffb9ec90000 - 0x00007ffb9ecbb000 	C:\WINDOWS\SYSTEM32\USERENV.dll
0x00007ffb9f7a0000 - 0x00007ffb9f7ca000 	C:\WINDOWS\SYSTEM32\bcrypt.dll
0x00007ffb9eec0000 - 0x00007ffb9eecc000 	C:\WINDOWS\SYSTEM32\CRYPTBASE.dll
0x00007ffb80740000 - 0x00007ffb8074e000 	C:\Program Files\Eclipse Adoptium\jdk-17.0.16.8-hotspot\bin\sunmscapi.dll
0x00007ffb9fe50000 - 0x00007ffb9ffc7000 	C:\WINDOWS\System32\CRYPT32.dll
0x00007ffb9f0c0000 - 0x00007ffb9f0f0000 	C:\WINDOWS\SYSTEM32\ncrypt.dll
0x00007ffb9f070000 - 0x00007ffb9f0af000 	C:\WINDOWS\SYSTEM32\NTASN1.dll
0x00007ffaf3770000 - 0x00007ffaf3778000 	C:\WINDOWS\system32\wshunix.dll

dbghelp: loaded successfully - version: 4.0.5 - missing functions: none
symbol engine: initialized successfully - sym options: 0x614 - pdb path: .;C:\Program Files\Eclipse Adoptium\jdk-17.0.16.8-hotspot\bin;C:\WINDOWS\SYSTEM32;C:\WINDOWS\WinSxS\amd64_microsoft.windows.common-controls_6595b64144ccf1df_6.0.26100.7019_none_3e06ffa0e335b8a8;C:\Program Files\Eclipse Adoptium\jdk-17.0.16.8-hotspot\bin\server;C:\Users\sashm\.gradle\native\1def1411415f61bf3af743bc5b6707747c0891f09f0c88961ee8f79bc544acac\windows-amd64;C:\Users\sashm\.gradle\native\jansi\1.18\windows64

VM Arguments:
jvm_args: -Xmx64m -Xms64m -Dorg.gradle.appname=gradlew 
java_command: C:\proj-short\android\\gradle\wrapper\gradle-wrapper.jar assembleDebug
java_class_path (initial): C:\proj-short\android\\gradle\wrapper\gradle-wrapper.jar
Launcher Type: SUN_STANDARD

[Global flags]
     intx CICompilerCount                          = 4                                         {product} {ergonomic}
     uint ConcGCThreads                            = 3                                         {product} {ergonomic}
     uint G1ConcRefinementThreads                  = 10                                        {product} {ergonomic}
   size_t G1HeapRegionSize                         = 1048576                                   {product} {ergonomic}
    uintx GCDrainStackTargetSize                   = 64                                        {product} {ergonomic}
   size_t InitialHeapSize                          = 67108864                                  {product} {command line}
   size_t MarkStackSize                            = 4194304                                   {product} {ergonomic}
   size_t MaxHeapSize                              = 67108864                                  {product} {command line}
   size_t MaxNewSize                               = 39845888                                  {product} {ergonomic}
   size_t MinHeapDeltaBytes                        = 1048576                                   {product} {ergonomic}
   size_t MinHeapSize                              = 67108864                                  {product} {command line}
    uintx NonNMethodCodeHeapSize                   = 5839372                                {pd product} {ergonomic}
    uintx NonProfiledCodeHeapSize                  = 122909434                              {pd product} {ergonomic}
    uintx ProfiledCodeHeapSize                     = 122909434                              {pd product} {ergonomic}
    uintx ReservedCodeCacheSize                    = 251658240                              {pd product} {ergonomic}
     bool SegmentedCodeCache                       = true                                      {product} {ergonomic}
   size_t SoftMaxHeapSize                          = 67108864                               {manageable} {ergonomic}
     bool UseCompressedClassPointers               = true                           {product lp64_product} {ergonomic}
     bool UseCompressedOops                        = true                           {product lp64_product} {ergonomic}
     bool UseG1GC                                  = true                                      {product} {ergonomic}
     bool UseLargePagesIndividualAllocation        = false                                  {pd product} {ergonomic}

Logging:
Log output configuration:
 #0: stdout all=warning uptime,level,tags
 #1: stderr all=off uptime,level,tags

Environment Variables:
JAVA_HOME=C:\Program Files\Eclipse Adoptium\jdk-17.0.16.8-hotspot
PATH=C:\Program Files\Eclipse Adoptium\jdk-17.0.16.8-hotspot\bin;C:\Android\platform-tools;C:\Program Files\OpenSSL-Win64\bin;C:\Program Files\Eclipse Adoptium\jdk-17.0.16.8-hotspot\bin;C:\WINDOWS\system32;C:\WINDOWS;C:\WINDOWS\System32\Wbem;C:\WINDOWS\System32\WindowsPowerShell\v1.0\;C:\WINDOWS\System32\OpenSSH\;C:\Program Files\Git\cmd;C:\Program Files\nodejs\;C:\ProgramData\chocolatey\bin;C:\Android\emulator;C:\Android\cmdline-tools\bin;C:\Android\build-tools;C:\Program Files\Microsoft\jdk-21.0.8.9-hotspot\bin;C:\Android\platform-tools;C:\Program Files\Microsoft\jdk-21.0.8.9-hotspot;C:\Program Files\OpenSSL-Win64\bin;C:\Program Files\Microsoft\jdk-21.0.8.9-hotspot\bin;C:\WINDOWS\system32;C:\WINDOWS;C:\WINDOWS\System32\Wbem;C:\WINDOWS\System32\WindowsPowerShell\v1.0\;C:\WINDOWS\System32\OpenSSH\;C:\Program Files\Git\cmd;C:\Program Files\nodejs\;C:\ProgramData\chocolatey\bin;C:\Android\emulator;C:\Android\cmdline-tools\bin;C:\Android\build-tools;C:\Program Files\Microsoft\jdk-21.0.8.9-hotspot\bin;C:\Android\platform-tools;C:\Program Files\OpenSSL-Win64\bin;C:\WINDOWS\system32;C:\WINDOWS;C:\WINDOWS\System32\Wbem;C:\WINDOWS\System32\WindowsPowerShell\v1.0\;C:\WINDOWS\System32\OpenSSH\;C:\Program Files\Git\cmd;C:\Program Files\nodejs\;C:\Users\sashm\AppData\Local\Microsoft\WindowsApps;C:\Users\sashm\AppData\Local\Programs\Microsoft VS Code\bin;C:\Users\sashm\AppData\Roaming\npm;C:\Android\platform-tools;C:\Android\emulator;C:\Android\cmdline-tools\bin;C:\Android\build-
USERNAME=sashm
OS=Windows_NT
PROCESSOR_IDENTIFIER=AMD64 Family 23 Model 96 Stepping 1, AuthenticAMD
TMP=C:\Users\sashm\AppData\Local\Temp
TEMP=C:\Users\sashm\AppData\Local\Temp



Periodic native trim disabled


---------------  S Y S T E M  ---------------

OS:
 Windows 11 , 64 bit Build 26100 (10.0.26100.7019)
OS uptime: 8 days 9:03 hours

CPU: total 12 (initial active 12) (12 cores per cpu, 2 threads per core) family 23 model 96 stepping 1 microcode 0x8600104, cx8, cmov, fxsr, ht, mmx, 3dnowpref, sse, sse2, sse3, ssse3, sse4a, sse4.1, sse4.2, popcnt, lzcnt, tsc, tscinvbit, avx, avx2, aes, clmul, bmi1, bmi2, adx, sha, fma, vzeroupper, clflush, clflushopt
Processor Information for all 12 processors :
  Max Mhz: 3000, Current Mhz: 1400, Mhz Limit: 3000

Memory: 4k page, system-wide physical 7599M (344M free)
TotalPageFile size 31151M (AvailPageFile size 0M)
current process WorkingSet (physical memory assigned to process): 13M, peak: 115M
current process commit charge ("private bytes"): 171M, peak: 185M

vm_info: OpenJDK 64-Bit Server VM (17.0.16+8) for windows-amd64 JRE (17.0.16+8), built on Jul 16 2025 10:37:56 by "admin" with MS VC++ 17.7 (VS2022)

END.
